This is pdfTeX, Version 3.141592653-2.6-1.40.26 (MiKTeX 24.4) (preloaded format=pdflatex 2024.10.22)  23 APR 2025 16:56
entering extended mode
 restricted \write18 enabled.
 file:line:error style messages enabled.
 %&-line parsing enabled.
**"c:/Github Project/proposal-latex/tugasakhir.tex"
(c:/Github Project/proposal-latex/tugasakhir.tex
LaTeX2e <2024-06-01> patch level 2
L3 programming layer <2024-09-10>
(C:\Users\USER PCP\AppData\Local\Programs\MiKTeX\tex/latex/base\report.cls
Document Class: report 2024/02/08 v1.4n Standard LaTeX document class
(C:\Users\USER PCP\AppData\Local\Programs\MiKTeX\tex/latex/base\size12.clo
File: size12.clo 2024/02/08 v1.4n Standard LaTeX file (size option)
)
\c@part=\count194
\c@chapter=\count195
\c@section=\count196
\c@subsection=\count197
\c@subsubsection=\count198
\c@paragraph=\count199
\c@subparagraph=\count266
\c@figure=\count267
\c@table=\count268
\abovecaptionskip=\skip49
\belowcaptionskip=\skip50
\bibindent=\dimen141
) (kontrol/uinsuskatugasakhir.sty (C:\Users\USER PCP\AppData\Local\Programs\MiKTeX\tex/latex/tocbibind\tocbibind.sty
Package: tocbibind 2010/10/13 v1.5k extra ToC listings
Package tocbibind Info: The document has chapter divisions on input line 50.


Package tocbibind Note: Using chapter style headings, unless overridden.

) (C:\Users\USER PCP\AppData\Local\Programs\MiKTeX\tex/latex/hyperref\hyperref.sty
Package: hyperref 2024-07-10 v7.01j Hypertext links for LaTeX
 (C:\Users\USER PCP\AppData\Local\Programs\MiKTeX\tex/generic/iftex\iftex.sty
Package: iftex 2022/02/03 v1.0f TeX engine tests
) (C:\Users\USER PCP\AppData\Local\Programs\MiKTeX\tex/latex/graphics\keyval.sty
Package: keyval 2022/05/29 v1.15 key=value parser (DPC)
\KV@toks@=\toks17
) (C:\Users\USER PCP\AppData\Local\Programs\MiKTeX\tex/latex/kvsetkeys\kvsetkeys.sty
Package: kvsetkeys 2022-10-05 v1.19 Key value parser (HO)
) (C:\Users\USER PCP\AppData\Local\Programs\MiKTeX\tex/generic/kvdefinekeys\kvdefinekeys.sty
Package: kvdefinekeys 2019-12-19 v1.6 Define keys (HO)
) (C:\Users\USER PCP\AppData\Local\Programs\MiKTeX\tex/generic/pdfescape\pdfescape.sty
Package: pdfescape 2019/12/09 v1.15 Implements pdfTeX's escape features (HO)
 (C:\Users\USER PCP\AppData\Local\Programs\MiKTeX\tex/generic/ltxcmds\ltxcmds.sty
Package: ltxcmds 2023-12-04 v1.26 LaTeX kernel commands for general use (HO)
) (C:\Users\USER PCP\AppData\Local\Programs\MiKTeX\tex/generic/pdftexcmds\pdftexcmds.sty
Package: pdftexcmds 2020-06-27 v0.33 Utility functions of pdfTeX for LuaTeX (HO)
 (C:\Users\USER PCP\AppData\Local\Programs\MiKTeX\tex/generic/infwarerr\infwarerr.sty
Package: infwarerr 2019/12/03 v1.5 Providing info/warning/error messages (HO)
)
Package pdftexcmds Info: \pdf@primitive is available.
Package pdftexcmds Info: \pdf@ifprimitive is available.
Package pdftexcmds Info: \pdfdraftmode found.
)) (C:\Users\USER PCP\AppData\Local\Programs\MiKTeX\tex/latex/hycolor\hycolor.sty
Package: hycolor 2020-01-27 v1.10 Color options for hyperref/bookmark (HO)
) (C:\Users\USER PCP\AppData\Local\Programs\MiKTeX\tex/latex/hyperref\nameref.sty
Package: nameref 2023-11-26 v2.56 Cross-referencing by name of section
 (C:\Users\USER PCP\AppData\Local\Programs\MiKTeX\tex/latex/refcount\refcount.sty
Package: refcount 2019/12/15 v3.6 Data extraction from label references (HO)
) (C:\Users\USER PCP\AppData\Local\Programs\MiKTeX\tex/generic/gettitlestring\gettitlestring.sty
Package: gettitlestring 2019/12/15 v1.6 Cleanup title references (HO)
 (C:\Users\USER PCP\AppData\Local\Programs\MiKTeX\tex/latex/kvoptions\kvoptions.sty
Package: kvoptions 2022-06-15 v3.15 Key value format for package options (HO)
))
\c@section@level=\count269
) (C:\Users\USER PCP\AppData\Local\Programs\MiKTeX\tex/latex/etoolbox\etoolbox.sty
Package: etoolbox 2020/10/05 v2.5k e-TeX tools for LaTeX (JAW)
\etb@tempcnta=\count270
) (C:\Users\USER PCP\AppData\Local\Programs\MiKTeX\tex/generic/stringenc\stringenc.sty
Package: stringenc 2019/11/29 v1.12 Convert strings between diff. encodings (HO)
)
\@linkdim=\dimen142
\Hy@linkcounter=\count271
\Hy@pagecounter=\count272
 (C:\Users\USER PCP\AppData\Local\Programs\MiKTeX\tex/latex/hyperref\pd1enc.def
File: pd1enc.def 2024-07-10 v7.01j Hyperref: PDFDocEncoding definition (HO)
Now handling font encoding PD1 ...
... no UTF-8 mapping file for font encoding PD1
) (C:\Users\USER PCP\AppData\Local\Programs\MiKTeX\tex/generic/intcalc\intcalc.sty
Package: intcalc 2019/12/15 v1.3 Expandable calculations with integers (HO)
)
\Hy@SavedSpaceFactor=\count273
 (C:\Users\USER PCP\AppData\Local\Programs\MiKTeX\tex/latex/hyperref\puenc.def
File: puenc.def 2024-07-10 v7.01j Hyperref: PDF Unicode definition (HO)
Now handling font encoding PU ...
... no UTF-8 mapping file for font encoding PU
)
Package hyperref Info: Option `final' set `true' on input line 4040.
Package hyperref Info: Hyper figures OFF on input line 4157.
Package hyperref Info: Link nesting OFF on input line 4162.
Package hyperref Info: Hyper index ON on input line 4165.
Package hyperref Info: Plain pages OFF on input line 4172.
Package hyperref Info: Backreferencing OFF on input line 4177.
Package hyperref Info: Implicit mode ON; LaTeX internals redefined.
Package hyperref Info: Bookmarks ON on input line 4424.
\c@Hy@tempcnt=\count274
 (C:\Users\USER PCP\AppData\Local\Programs\MiKTeX\tex/latex/url\url.sty
\Urlmuskip=\muskip17
Package: url 2013/09/16  ver 3.4  Verb mode for urls, etc.
)
LaTeX Info: Redefining \url on input line 4763.
\XeTeXLinkMargin=\dimen143
 (C:\Users\USER PCP\AppData\Local\Programs\MiKTeX\tex/generic/bitset\bitset.sty
Package: bitset 2019/12/09 v1.3 Handle bit-vector datatype (HO)
 (C:\Users\USER PCP\AppData\Local\Programs\MiKTeX\tex/generic/bigintcalc\bigintcalc.sty
Package: bigintcalc 2019/12/15 v1.5 Expandable calculations on big integers (HO)
))
\Fld@menulength=\count275
\Field@Width=\dimen144
\Fld@charsize=\dimen145
Package hyperref Info: Hyper figures OFF on input line 6042.
Package hyperref Info: Link nesting OFF on input line 6047.
Package hyperref Info: Hyper index ON on input line 6050.
Package hyperref Info: backreferencing OFF on input line 6057.
Package hyperref Info: Link coloring OFF on input line 6062.
Package hyperref Info: Link coloring with OCG OFF on input line 6067.
Package hyperref Info: PDF/A mode OFF on input line 6072.
 (C:\Users\USER PCP\AppData\Local\Programs\MiKTeX\tex/latex/base\atbegshi-ltx.sty
Package: atbegshi-ltx 2021/01/10 v1.0c Emulation of the original atbegshi
package with kernel methods
)
\Hy@abspage=\count276
\c@Item=\count277
\c@Hfootnote=\count278
)
Package hyperref Info: Driver (autodetected): hpdftex.
 (C:\Users\USER PCP\AppData\Local\Programs\MiKTeX\tex/latex/hyperref\hpdftex.def
File: hpdftex.def 2024-07-10 v7.01j Hyperref driver for pdfTeX
 (C:\Users\USER PCP\AppData\Local\Programs\MiKTeX\tex/latex/base\atveryend-ltx.sty
Package: atveryend-ltx 2020/08/19 v1.0a Emulation of the original atveryend package
with kernel methods
)
\Fld@listcount=\count279
\c@bookmark@seq@number=\count280
 (C:\Users\USER PCP\AppData\Local\Programs\MiKTeX\tex/latex/rerunfilecheck\rerunfilecheck.sty
Package: rerunfilecheck 2022-07-10 v1.10 Rerun checks for auxiliary files (HO)
 (C:\Users\USER PCP\AppData\Local\Programs\MiKTeX\tex/generic/uniquecounter\uniquecounter.sty
Package: uniquecounter 2019/12/15 v1.4 Provide unlimited unique counter (HO)
)
Package uniquecounter Info: New unique counter `rerunfilecheck' on input line 285.
)
\Hy@SectionHShift=\skip51
)

Package hyperref Warning: Option `a4paper' is no longer used.

Package hyperref Info: Option `colorlinks' set `false' on input line 30.
Package hyperref Info: Option `bookmarksopen' set `false' on input line 30.
Package hyperref Info: Option `bookmarksnumbered' set `true' on input line 30.
(C:\Users\USER PCP\AppData\Local\Programs\MiKTeX\tex/latex/multirow\multirow.sty
Package: multirow 2021/03/15 v2.8 Span multiple rows of a table
\multirow@colwidth=\skip52
\multirow@cntb=\count281
\multirow@dima=\skip53
\bigstrutjot=\dimen146
) (C:\Users\USER PCP\AppData\Local\Programs\MiKTeX\tex/latex/graphics\graphicx.sty
Package: graphicx 2021/09/16 v1.2d Enhanced LaTeX Graphics (DPC,SPQR)
 (C:\Users\USER PCP\AppData\Local\Programs\MiKTeX\tex/latex/graphics\graphics.sty
Package: graphics 2024/05/23 v1.4g Standard LaTeX Graphics (DPC,SPQR)
 (C:\Users\USER PCP\AppData\Local\Programs\MiKTeX\tex/latex/graphics\trig.sty
Package: trig 2023/12/02 v1.11 sin cos tan (DPC)
) (C:\Users\USER PCP\AppData\Local\Programs\MiKTeX\tex/latex/graphics-cfg\graphics.cfg
File: graphics.cfg 2016/06/04 v1.11 sample graphics configuration
)
Package graphics Info: Driver file: pdftex.def on input line 106.
 (C:\Users\USER PCP\AppData\Local\Programs\MiKTeX\tex/latex/graphics-def\pdftex.def
File: pdftex.def 2024/04/13 v1.2c Graphics/color driver for pdftex
))
\Gin@req@height=\dimen147
\Gin@req@width=\dimen148
) (C:\Users\USER PCP\AppData\Local\Programs\MiKTeX\tex/latex/setspace\setspace.sty
Package: setspace 2022/12/04 v6.7b set line spacing
) (C:\Users\USER PCP\AppData\Local\Programs\MiKTeX\tex/latex/geometry\geometry.sty
Package: geometry 2020/01/02 v5.9 Page Geometry
 (C:\Users\USER PCP\AppData\Local\Programs\MiKTeX\tex/generic/iftex\ifvtex.sty
Package: ifvtex 2019/10/25 v1.7 ifvtex legacy package. Use iftex instead.
)
\Gm@cnth=\count282
\Gm@cntv=\count283
\c@Gm@tempcnt=\count284
\Gm@bindingoffset=\dimen149
\Gm@wd@mp=\dimen150
\Gm@odd@mp=\dimen151
\Gm@even@mp=\dimen152
\Gm@layoutwidth=\dimen153
\Gm@layoutheight=\dimen154
\Gm@layouthoffset=\dimen155
\Gm@layoutvoffset=\dimen156
\Gm@dimlist=\toks18
 (C:\Users\USER PCP\AppData\Local\Programs\MiKTeX\tex/latex/geometry\geometry.cfg)) (C:\Users\USER PCP\AppData\Local\Programs\MiKTeX\tex/latex/caption\caption.sty
Package: caption 2023/08/05 v3.6o Customizing captions (AR)
 (C:\Users\USER PCP\AppData\Local\Programs\MiKTeX\tex/latex/caption\caption3.sty
Package: caption3 2023/07/31 v2.4d caption3 kernel (AR)
\caption@tempdima=\dimen157
\captionmargin=\dimen158
\caption@leftmargin=\dimen159
\caption@rightmargin=\dimen160
\caption@width=\dimen161
\caption@indent=\dimen162
\caption@parindent=\dimen163
\caption@hangindent=\dimen164
Package caption Info: Standard document class detected.
)
\c@caption@flags=\count285
\c@continuedfloat=\count286
Package caption Info: hyperref package is loaded.
) (C:\Users\USER PCP\AppData\Local\Programs\MiKTeX\tex/latex/amsmath\amsmath.sty
Package: amsmath 2024/05/23 v2.17q AMS math features
\@mathmargin=\skip54

For additional information on amsmath, use the `?' option.
(C:\Users\USER PCP\AppData\Local\Programs\MiKTeX\tex/latex/amsmath\amstext.sty
Package: amstext 2021/08/26 v2.01 AMS text
 (C:\Users\USER PCP\AppData\Local\Programs\MiKTeX\tex/latex/amsmath\amsgen.sty
File: amsgen.sty 1999/11/30 v2.0 generic functions
\@emptytoks=\toks19
\ex@=\dimen165
)) (C:\Users\USER PCP\AppData\Local\Programs\MiKTeX\tex/latex/amsmath\amsbsy.sty
Package: amsbsy 1999/11/29 v1.2d Bold Symbols
\pmbraise@=\dimen166
) (C:\Users\USER PCP\AppData\Local\Programs\MiKTeX\tex/latex/amsmath\amsopn.sty
Package: amsopn 2022/04/08 v2.04 operator names
)
\inf@bad=\count287
LaTeX Info: Redefining \frac on input line 233.
\uproot@=\count288
\leftroot@=\count289
LaTeX Info: Redefining \overline on input line 398.
LaTeX Info: Redefining \colon on input line 409.
\classnum@=\count290
\DOTSCASE@=\count291
LaTeX Info: Redefining \ldots on input line 495.
LaTeX Info: Redefining \dots on input line 498.
LaTeX Info: Redefining \cdots on input line 619.
\Mathstrutbox@=\box52
\strutbox@=\box53
LaTeX Info: Redefining \big on input line 721.
LaTeX Info: Redefining \Big on input line 722.
LaTeX Info: Redefining \bigg on input line 723.
LaTeX Info: Redefining \Bigg on input line 724.
\big@size=\dimen167
LaTeX Font Info:    Redeclaring font encoding OML on input line 742.
LaTeX Font Info:    Redeclaring font encoding OMS on input line 743.
\macc@depth=\count292
LaTeX Info: Redefining \bmod on input line 904.
LaTeX Info: Redefining \pmod on input line 909.
LaTeX Info: Redefining \smash on input line 939.
LaTeX Info: Redefining \relbar on input line 969.
LaTeX Info: Redefining \Relbar on input line 970.
\c@MaxMatrixCols=\count293
\dotsspace@=\muskip18
\c@parentequation=\count294
\dspbrk@lvl=\count295
\tag@help=\toks20
\row@=\count296
\column@=\count297
\maxfields@=\count298
\andhelp@=\toks21
\eqnshift@=\dimen168
\alignsep@=\dimen169
\tagshift@=\dimen170
\tagwidth@=\dimen171
\totwidth@=\dimen172
\lineht@=\dimen173
\@envbody=\toks22
\multlinegap=\skip55
\multlinetaggap=\skip56
\mathdisplay@stack=\toks23
LaTeX Info: Redefining \[ on input line 2953.
LaTeX Info: Redefining \] on input line 2954.
) (C:\Users\USER PCP\AppData\Local\Programs\MiKTeX\tex/latex/pslatex\pslatex.sty
Package: pslatex 2021/01/13 v1.3 pslatex emulation (DPC)
LaTeX Font Info:    Redeclaring symbol font `operators' on input line 66.
LaTeX Font Info:    Overwriting symbol font `operators' in version `normal'
(Font)                  OT1/cmr/m/n --> OT1/ptmcm/m/n on input line 66.
LaTeX Font Info:    Overwriting symbol font `operators' in version `bold'
(Font)                  OT1/cmr/bx/n --> OT1/ptmcm/m/n on input line 66.
LaTeX Font Info:    Redeclaring symbol font `letters' on input line 67.
LaTeX Font Info:    Overwriting symbol font `letters' in version `normal'
(Font)                  OML/cmm/m/it --> OML/ptmcm/m/it on input line 67.
LaTeX Font Info:    Overwriting symbol font `letters' in version `bold'
(Font)                  OML/cmm/b/it --> OML/ptmcm/m/it on input line 67.
LaTeX Font Info:    Redeclaring symbol font `symbols' on input line 68.
LaTeX Font Info:    Overwriting symbol font `symbols' in version `normal'
(Font)                  OMS/cmsy/m/n --> OMS/pzccm/m/n on input line 68.
LaTeX Font Info:    Overwriting symbol font `symbols' in version `bold'
(Font)                  OMS/cmsy/b/n --> OMS/pzccm/m/n on input line 68.
LaTeX Font Info:    Redeclaring symbol font `largesymbols' on input line 69.
LaTeX Font Info:    Overwriting symbol font `largesymbols' in version `normal'
(Font)                  OMX/cmex/m/n --> OMX/psycm/m/n on input line 69.
LaTeX Font Info:    Overwriting symbol font `largesymbols' in version `bold'
(Font)                  OMX/cmex/m/n --> OMX/psycm/m/n on input line 69.
\symbold=\mathgroup4
\symitalic=\mathgroup5
LaTeX Font Info:    Redeclaring math alphabet \mathbf on input line 75.
LaTeX Font Info:    Overwriting math alphabet `\mathbf' in version `normal'
(Font)                  OT1/cmr/bx/n --> OT1/ptm/bx/n on input line 75.
LaTeX Font Info:    Overwriting math alphabet `\mathbf' in version `bold'
(Font)                  OT1/cmr/bx/n --> OT1/ptm/bx/n on input line 75.
LaTeX Font Info:    Redeclaring math alphabet \mathit on input line 76.
LaTeX Font Info:    Overwriting math alphabet `\mathit' in version `normal'
(Font)                  OT1/cmr/m/it --> OT1/ptm/m/it on input line 76.
LaTeX Font Info:    Overwriting math alphabet `\mathit' in version `bold'
(Font)                  OT1/cmr/bx/it --> OT1/ptm/m/it on input line 76.
) (C:\Users\USER PCP\AppData\Local\Programs\MiKTeX\tex/latex/fancyhdr\fancyhdr.sty
Package: fancyhdr 2024/07/23 v4.3.1 Extensive control of page headers and footers
\f@nch@headwidth=\skip57
\f@nch@O@elh=\skip58
\f@nch@O@erh=\skip59
\f@nch@O@olh=\skip60
\f@nch@O@orh=\skip61
\f@nch@O@elf=\skip62
\f@nch@O@erf=\skip63
\f@nch@O@olf=\skip64
\f@nch@O@orf=\skip65
) (C:\Users\USER PCP\AppData\Local\Programs\MiKTeX\tex/latex/pdfpages\pdfpages.sty
Package: pdfpages 2024/08/20 v0.6b Insert pages of external PDF documents (AM)
 (C:\Users\USER PCP\AppData\Local\Programs\MiKTeX\tex/latex/base\ifthen.sty
Package: ifthen 2024/03/16 v1.1e Standard LaTeX ifthen package (DPC)
) (C:\Users\USER PCP\AppData\Local\Programs\MiKTeX\tex/latex/tools\calc.sty
Package: calc 2023/07/08 v4.3 Infix arithmetic (KKT,FJ)
\calc@Acount=\count299
\calc@Bcount=\count300
\calc@Adimen=\dimen174
\calc@Bdimen=\dimen175
\calc@Askip=\skip66
\calc@Bskip=\skip67
LaTeX Info: Redefining \setlength on input line 80.
LaTeX Info: Redefining \addtolength on input line 81.
\calc@Ccount=\count301
\calc@Cskip=\skip68
) (C:\Users\USER PCP\AppData\Local\Programs\MiKTeX\tex/latex/eso-pic\eso-pic.sty
Package: eso-pic 2023/05/03 v3.0c eso-pic (RN)
\ESO@tempdima=\dimen176
\ESO@tempdimb=\dimen177
 (C:\Users\USER PCP\AppData\Local\Programs\MiKTeX\tex/latex/xcolor\xcolor.sty
Package: xcolor 2024/09/29 v3.02 LaTeX color extensions (UK)
 (C:\Users\USER PCP\AppData\Local\Programs\MiKTeX\tex/latex/graphics-cfg\color.cfg
File: color.cfg 2016/01/02 v1.6 sample color configuration
)
Package xcolor Info: Driver file: pdftex.def on input line 274.
 (C:\Users\USER PCP\AppData\Local\Programs\MiKTeX\tex/latex/graphics\mathcolor.ltx)
Package xcolor Info: Model `cmy' substituted by `cmy0' on input line 1349.
Package xcolor Info: Model `hsb' substituted by `rgb' on input line 1353.
Package xcolor Info: Model `RGB' extended on input line 1365.
Package xcolor Info: Model `HTML' substituted by `rgb' on input line 1367.
Package xcolor Info: Model `Hsb' substituted by `hsb' on input line 1368.
Package xcolor Info: Model `tHsb' substituted by `hsb' on input line 1369.
Package xcolor Info: Model `HSB' substituted by `hsb' on input line 1370.
Package xcolor Info: Model `Gray' substituted by `gray' on input line 1371.
Package xcolor Info: Model `wave' substituted by `hsb' on input line 1372.
))
\AM@pagewidth=\dimen178
\AM@pageheight=\dimen179
\AM@fboxrule=\dimen180
 (C:\Users\USER PCP\AppData\Local\Programs\MiKTeX\tex/latex/pdfpages\pppdftex.def
File: pppdftex.def 2024/08/20 v0.6b Pdfpages driver for pdfTeX (AM)
)
\pdfpages@includegraphics@status=\count302
\AM@pagebox=\box54
\AM@global@opts=\toks24
\AM@pagecnt=\count303
\AM@toc@title=\toks25
\AM@lof@heading=\toks26
\c@AM@survey=\count304
\AM@templatesizebox=\box55
) (C:\Users\USER PCP\AppData\Local\Programs\MiKTeX\tex/latex/colortbl\colortbl.sty
Package: colortbl 2024/07/06 v1.0i Color table columns (DPC)
 (C:\Users\USER PCP\AppData\Local\Programs\MiKTeX\tex/latex/tools\array.sty
Package: array 2024/06/14 v2.6d Tabular extension package (FMi)
\col@sep=\dimen181
\ar@mcellbox=\box56
\extrarowheight=\dimen182
\NC@list=\toks27
\extratabsurround=\skip69
\backup@length=\skip70
\ar@cellbox=\box57
)
\everycr=\toks28
\minrowclearance=\skip71
\rownum=\count305
) (C:\Users\USER PCP\AppData\Local\Programs\MiKTeX\tex/latex/float\float.sty
Package: float 2001/11/08 v1.3d Float enhancements (AL)
\c@float@type=\count306
\float@exts=\toks29
\float@box=\box58
\@float@everytoks=\toks30
\@floatcapt=\box59
) (C:\Users\USER PCP\AppData\Local\Programs\MiKTeX\tex/latex/apacite\apacite.sty
Package: apacite 2013/07/21 v6.03 APA citation
\c@BibCnt=\count307
\bibleftmargin=\skip72
\bibindent=\skip73
\bibparsep=\skip74
\bibitemsep=\skip75
\biblabelsep=\skip76
) (C:\Users\USER PCP\AppData\Local\Programs\MiKTeX\tex/latex/titlesec\titlesec.sty
Package: titlesec 2023/10/27 v2.16 Sectioning titles
\ttl@box=\box60
\beforetitleunit=\skip77
\aftertitleunit=\skip78
\ttl@plus=\dimen183
\ttl@minus=\dimen184
\ttl@toksa=\toks31
\titlewidth=\dimen185
\titlewidthlast=\dimen186
\titlewidthfirst=\dimen187
) (C:\Users\USER PCP\AppData\Local\Programs\MiKTeX\tex/latex/lipsum\lipsum.sty (C:\Users\USER PCP\AppData\Local\Programs\MiKTeX\tex/latex/l3packages/l3keys2e\l3keys2e.sty (C:\Users\USER PCP\AppData\Local\Programs\MiKTeX\tex/latex/l3kernel\expl3.sty
Package: expl3 2024-09-10 L3 programming layer (loader) 
 (C:\Users\USER PCP\AppData\Local\Programs\MiKTeX\tex/latex/l3backend\l3backend-pdftex.def
File: l3backend-pdftex.def 2024-05-08 L3 backend support: PDF output (pdfTeX)
\l__color_backend_stack_int=\count308
\l__pdf_internal_box=\box61
))
Package: l3keys2e 2024-08-16 LaTeX2e option processing using LaTeX3 keys
)
Package: lipsum 2021-09-20 v2.7 150 paragraphs of Lorem Ipsum dummy text
\g__lipsum_par_int=\count309
\l__lipsum_a_int=\count310
\l__lipsum_b_int=\count311
 (C:\Users\USER PCP\AppData\Local\Programs\MiKTeX\tex/latex/lipsum\lipsum.ltd.tex)) (C:\Users\USER PCP\AppData\Local\Programs\MiKTeX\tex/latex/amsfonts\amssymb.sty
Package: amssymb 2013/01/14 v3.01 AMS font symbols
 (C:\Users\USER PCP\AppData\Local\Programs\MiKTeX\tex/latex/amsfonts\amsfonts.sty
Package: amsfonts 2013/01/14 v3.01 Basic AMSFonts support
\symAMSa=\mathgroup6
\symAMSb=\mathgroup7
LaTeX Font Info:    Redeclaring math symbol \hbar on input line 98.
LaTeX Font Info:    Overwriting math alphabet `\mathfrak' in version `bold'
(Font)                  U/euf/m/n --> U/euf/b/n on input line 106.
)) (C:\Users\USER PCP\AppData\Local\Programs\MiKTeX\tex/latex/enumitem\enumitem.sty
Package: enumitem 2019/06/20 v3.9 Customized lists
\labelindent=\skip79
\enit@outerparindent=\dimen188
\enit@toks=\toks32
\enit@inbox=\box62
\enit@count@id=\count312
\enitdp@description=\count313
) (C:\Users\USER PCP\AppData\Local\Programs\MiKTeX\tex/latex/appendix\appendix.sty
Package: appendix 2020/02/08 v1.2c extra appendix facilities
\c@@pps=\count314
\c@@ppsavesec=\count315
\c@@ppsaveapp=\count316
) (C:\Users\USER PCP\AppData\Local\Programs\MiKTeX\tex/latex/wrapfig\wrapfig.sty
\wrapoverhang=\dimen189
\WF@size=\dimen190
\c@WF@wrappedlines=\count317
\WF@box=\box63
\WF@everypar=\toks33
Package: wrapfig 2003/01/31  v 3.6
) (C:\Users\USER PCP\AppData\Local\Programs\MiKTeX\tex/latex/tools\longtable.sty
Package: longtable 2024-04-26 v4.20 Multi-page Table package (DPC)
\LTleft=\skip80
\LTright=\skip81
\LTpre=\skip82
\LTpost=\skip83
\LTchunksize=\count318
\LTcapwidth=\dimen191
\LT@head=\box64
\LT@firsthead=\box65
\LT@foot=\box66
\LT@lastfoot=\box67
\LT@gbox=\box68
\LT@cols=\count319
\LT@rows=\count320
\c@LT@tables=\count321
\c@LT@chunks=\count322
\LT@p@ftn=\toks34
)) (C:\Users\USER PCP\AppData\Local\Programs\MiKTeX\tex/latex/graphics\lscape.sty
Package: lscape 2020/05/28 v3.02 Landscape Pages (DPC)
) (kontrol/laporan_setting.tex) (konfigurasi/datatugasakhir.tex)

LaTeX Warning: \include should only be used after \begin{document} on input line 21.

(konfigurasi/hype.indonesia.tex) (konfigurasi/istilah.tex) (tugasakhir.aux (kontrol/cover.aux) (kontrol/lembarPersetujuan.aux) (kontrol/lembarPengesahan.aux) (kontrol/lembarHKI.aux) (kontrol/lembarPernyataan.aux) (halamandepan/lembarPersembahan.aux) (halamandepan/kataPengantar.aux) (halamandepan/abstrak.aux) (halamandepan/abstrakInggris.aux) (halamandepan/daftarSingkatan.aux) (konten/bab1.aux) (konten/bab2.aux

LaTeX Warning: Label `fig:enter-label' multiply defined.


LaTeX Warning: Label `fig:enter-label' multiply defined.


LaTeX Warning: Label `fig:enter-label' multiply defined.

) (konten/bab3.aux

LaTeX Warning: Label `fig:enter-label' multiply defined.

) (konten/bab4.aux

LaTeX Warning: Label `admin' multiply defined.


LaTeX Warning: Label `admin' multiply defined.


LaTeX Warning: Label `admin' multiply defined.


LaTeX Warning: Label `admin' multiply defined.

) (konten/bab5.aux

LaTeX Warning: Label `fig:jadwal' multiply defined.


LaTeX Warning: Label `fig:jadwal-rsi' multiply defined.


LaTeX Warning: Label `fig:edit-jadwal' multiply defined.


LaTeX Warning: Label `fig:matkul' multiply defined.


LaTeX Warning: Label `fig:tambah-matkul' multiply defined.


LaTeX Warning: Label `fig:edit-matkul' multiply defined.


LaTeX Warning: Label `fig:edit-matkul' multiply defined.


LaTeX Warning: Label `fig:dosen' multiply defined.


LaTeX Warning: Label `fig:tambah-dosen' multiply defined.


LaTeX Warning: Label `fig:edit-dosen' multiply defined.

) (konten/bab6.aux) (halamanbelakang/lampiranA.aux

LaTeX Warning: Label `fig:hasil-wawancara' multiply defined.


LaTeX Warning: Label `fig:hasil-wawancara' multiply defined.


LaTeX Warning: Label `fig:hasil-wawancara' multiply defined.


LaTeX Warning: Label `fig:hasil-wawancara' multiply defined.


LaTeX Warning: Label `fig:hasil-wawancara' multiply defined.


LaTeX Warning: Label `fig:hasil-wawancara' multiply defined.


LaTeX Warning: Label `fig:hasil-wawancara' multiply defined.


LaTeX Warning: Label `fig:hasil-wawancara' multiply defined.


LaTeX Warning: Label `fig:hasil-wawancara' multiply defined.

) (halamanbelakang/lampiranB.aux

LaTeX Warning: Label `fig:lab-rsi' multiply defined.


LaTeX Warning: Label `fig:lab-int' multiply defined.


LaTeX Warning: Label `fig:lab-int' multiply defined.


LaTeX Warning: Label `fig:enter-label' multiply defined.


LaTeX Warning: Label `fig:enter-label' multiply defined.


LaTeX Warning: Label `fig:enter-label' multiply defined.


LaTeX Warning: Label `fig:enter-label' multiply defined.


LaTeX Warning: Label `fig:enter-label' multiply defined.


LaTeX Warning: Label `fig:enter-label' multiply defined.

) (halamanbelakang/lampiranC.aux

LaTeX Warning: Label `fig:hasil-wawancara' multiply defined.

) (halamanbelakang/lampiranD.aux) (halamanbelakang/daftarRiwayatHidup.aux))
\openout1 = `tugasakhir.aux'.

LaTeX Font Info:    Checking defaults for OML/cmm/m/it on input line 24.
LaTeX Font Info:    ... okay on input line 24.
LaTeX Font Info:    Checking defaults for OMS/pzccm/m/n on input line 24.
LaTeX Font Info:    Trying to load font information for OMS+pzccm on input line 24.
 (C:\Users\USER PCP\AppData\Local\Programs\MiKTeX\tex/latex/psnfss\omspzccm.fd
File: omspzccm.fd 2000/01/03 Fontinst v1.801 font definitions for OMS/pzccm.
)
LaTeX Font Info:    ... okay on input line 24.
LaTeX Font Info:    Checking defaults for OT1/cmr/m/n on input line 24.
LaTeX Font Info:    ... okay on input line 24.
LaTeX Font Info:    Checking defaults for T1/cmr/m/n on input line 24.
LaTeX Font Info:    ... okay on input line 24.
LaTeX Font Info:    Checking defaults for TS1/cmr/m/n on input line 24.
LaTeX Font Info:    ... okay on input line 24.
LaTeX Font Info:    Checking defaults for OMX/cmex/m/n on input line 24.
LaTeX Font Info:    ... okay on input line 24.
LaTeX Font Info:    Checking defaults for U/cmr/m/n on input line 24.
LaTeX Font Info:    ... okay on input line 24.
LaTeX Font Info:    Checking defaults for PD1/pdf/m/n on input line 24.
LaTeX Font Info:    ... okay on input line 24.
LaTeX Font Info:    Checking defaults for PU/pdf/m/n on input line 24.
LaTeX Font Info:    ... okay on input line 24.
Package hyperref Info: Link coloring OFF on input line 24.
 (tugasakhir.out) (tugasakhir.out)
\@outlinefile=\write3
\openout3 = `tugasakhir.out'.

 (C:\Users\USER PCP\AppData\Local\Programs\MiKTeX\tex/context/base/mkii\supp-pdf.mkii
[Loading MPS to PDF converter (version 2006.09.02).]
\scratchcounter=\count323
\scratchdimen=\dimen192
\scratchbox=\box69
\nofMPsegments=\count324
\nofMParguments=\count325
\everyMPshowfont=\toks35
\MPscratchCnt=\count326
\MPscratchDim=\dimen193
\MPnumerator=\count327
\makeMPintoPDFobject=\count328
\everyMPtoPDFconversion=\toks36
) (C:\Users\USER PCP\AppData\Local\Programs\MiKTeX\tex/latex/epstopdf-pkg\epstopdf-base.sty
Package: epstopdf-base 2020-01-24 v2.11 Base part for package epstopdf
Package epstopdf-base Info: Redefining graphics rule for `.eps' on input line 485.
 (C:\Users\USER PCP\AppData\Local\Programs\MiKTeX\tex/latex/00miktex\epstopdf-sys.cfg
File: epstopdf-sys.cfg 2021/03/18 v2.0 Configuration of epstopdf for MiKTeX
))
*geometry* driver: auto-detecting
*geometry* detected driver: pdftex
*geometry* verbose mode - [ preamble ] result:
* driver: pdftex
* paper: a4paper
* layout: <same size as paper>
* layoutoffset:(h,v)=(0.0pt,0.0pt)
* modes: 
* h-part:(L,W,R)=(113.81102pt, 398.3386pt, 85.35826pt)
* v-part:(T,H,B)=(85.35826pt, 645.87756pt, 113.81102pt)
* \paperwidth=597.50787pt
* \paperheight=845.04684pt
* \textwidth=398.33858pt
* \textheight=645.87747pt
* \oddsidemargin=41.54103pt
* \evensidemargin=41.54103pt
* \topmargin=-19.91684pt
* \headheight=0.0pt
* \headsep=25.0pt
* \topskip=12.0pt
* \footskip=56.9055pt
* \marginparwidth=35.0pt
* \marginparsep=10.0pt
* \columnsep=10.0pt
* \skip\footins=10.8pt plus 4.0pt minus 2.0pt
* \hoffset=0.0pt
* \voffset=0.0pt
* \mag=1000
* \@twocolumnfalse
* \@twosidefalse
* \@mparswitchfalse
* \@reversemarginfalse
* (1in=72.27pt=25.4mm, 1cm=28.453pt)

Package caption Info: Begin \AtBeginDocument code.
Package caption Info: float package is loaded.
Package caption Info: longtable package is loaded.
(C:\Users\USER PCP\AppData\Local\Programs\MiKTeX\tex/latex/caption\ltcaption.sty
Package: ltcaption 2021/01/08 v1.4c longtable captions (AR)
)
Package caption Info: wrapfig package is loaded.
Package caption Info: End \AtBeginDocument code.
 (C:\Users\USER PCP\AppData\Local\Programs\MiKTeX\tex/latex/pdflscape\pdflscape.sty
Package: pdflscape 2022-10-27 v0.13 Display of landscape pages in PDF
 (C:\Users\USER PCP\AppData\Local\Programs\MiKTeX\tex/latex/pdflscape\pdflscape-nometadata.sty
Package: pdflscape-nometadata 2022-10-28 v0.13 Display of landscape pages in PDF (HO)
Package pdflscape Info: Auto-detected driver: pdftex on input line 81.
))
\c@maskedRefs=\count329
 (C:\Users\USER PCP\AppData\Local\Programs\MiKTeX\tex/latex/apacite\english.apc
File: english.apc 2013/07/21 v6.03 apacite language file
LaTeX Info: Redefining \BPBI on input line 129.
LaTeX Info: Redefining \BHBI on input line 130.
)
\openout2 = `kontrol/cover.aux'.

 (kontrol/cover.tex
LaTeX Font Info:    Calculating math sizes for size <13.5> on input line 30.
LaTeX Font Info:    Trying to load font information for OT1+ptmcm on input line 30.
 (C:\Users\USER PCP\AppData\Local\Programs\MiKTeX\tex/latex/psnfss\ot1ptmcm.fd
File: ot1ptmcm.fd 2000/01/03 Fontinst v1.801 font definitions for OT1/ptmcm.
)
LaTeX Font Info:    Trying to load font information for OML+ptmcm on input line 30.
 (C:\Users\USER PCP\AppData\Local\Programs\MiKTeX\tex/latex/psnfss\omlptmcm.fd
File: omlptmcm.fd 2000/01/03 Fontinst v1.801 font definitions for OML/ptmcm.
)
LaTeX Font Info:    Trying to load font information for OMX+psycm on input line 30.
 (C:\Users\USER PCP\AppData\Local\Programs\MiKTeX\tex/latex/psnfss\omxpsycm.fd
File: omxpsycm.fd 2000/01/03 Fontinst v1.801 font definitions for OMX/psycm.
)
LaTeX Font Info:    Font shape `OT1/ptm/bx/n' in size <13.5> not available
(Font)              Font shape `OT1/ptm/b/n' tried instead on input line 30.
LaTeX Font Info:    Font shape `OT1/ptm/bx/n' in size <9.44995> not available
(Font)              Font shape `OT1/ptm/b/n' tried instead on input line 30.
LaTeX Font Info:    Font shape `OT1/ptm/bx/n' in size <6.75> not available
(Font)              Font shape `OT1/ptm/b/n' tried instead on input line 30.
LaTeX Font Info:    Trying to load font information for U+msa on input line 30.
 (C:\Users\USER PCP\AppData\Local\Programs\MiKTeX\tex/latex/amsfonts\umsa.fd
File: umsa.fd 2013/01/14 v3.01 AMS symbols A
)
LaTeX Font Info:    Trying to load font information for U+msb on input line 30.
 (C:\Users\USER PCP\AppData\Local\Programs\MiKTeX\tex/latex/amsfonts\umsb.fd
File: umsb.fd 2013/01/14 v3.01 AMS symbols B
)
<kontrol/gambar/logouin.png, id=387, 1284.8pt x 1284.8pt>
File: kontrol/gambar/logouin.png Graphic file (type png)
<use kontrol/gambar/logouin.png>
Package pdftex.def Info: kontrol/gambar/logouin.png  used on input line 35.
(pdftex.def)             Requested size: 147.93513pt x 147.93513pt.


[1


{C:/Users/USER PCP/AppData/Local/MiKTeX/fonts/map/pdftex/pdftex.map}{C:/Users/USER PCP/AppData/Local/Programs/MiKTeX/fonts/enc/dvips/base/8r.enc} <./kontrol/gambar/logouin.png>])

Package hyperref Warning: Token not allowed in a PDF string (Unicode):
(hyperref)                removing `\uppercase' on input line 71.

\openout2 = `kontrol/lembarPersetujuan.aux'.

(kontrol/lembarPersetujuan.tex
LaTeX Font Info:    Calculating math sizes for size <14> on input line 27.
LaTeX Font Info:    Font shape `OT1/ptm/bx/n' in size <14> not available
(Font)              Font shape `OT1/ptm/b/n' tried instead on input line 27.
LaTeX Font Info:    Font shape `OT1/ptm/bx/n' in size <9.79996> not available
(Font)              Font shape `OT1/ptm/b/n' tried instead on input line 27.
LaTeX Font Info:    Font shape `OT1/ptm/bx/n' in size <7> not available
(Font)              Font shape `OT1/ptm/b/n' tried instead on input line 27.
LaTeX Font Info:    Font shape `OT1/ptm/bx/n' in size <12> not available
(Font)              Font shape `OT1/ptm/b/n' tried instead on input line 36.
LaTeX Font Info:    Font shape `OT1/ptm/bx/n' in size <9> not available
(Font)              Font shape `OT1/ptm/b/n' tried instead on input line 36.

Overfull \hbox (30.54044pt too wide) in paragraph at lines 36--42
 [][] 
 []

)

[2




]

Package hyperref Warning: Token not allowed in a PDF string (Unicode):
(hyperref)                removing `\uppercase' on input line 71.

\openout2 = `kontrol/lembarPengesahan.aux'.

(kontrol/lembarPengesahan.tex
Overfull \hbox (51.37138pt too wide) in paragraph at lines 39--63
 [][] 
 []

)

[3




]
\openout2 = `kontrol/lembarHKI.aux'.

 (kontrol/lembarHKI.tex)

[4




]
\openout2 = `kontrol/lembarPernyataan.aux'.

 (kontrol/lembarPernyataan.tex
Underfull \hbox (badness 10000) in paragraph at lines 19--21

 []

)

[5




]
\openout2 = `halamandepan/lembarPersembahan.aux'.

 (halamandepan/lembarPersembahan.tex
<konten/gambar/bismillah.jpg, id=419, 773.89125pt x 168.63pt>
File: konten/gambar/bismillah.jpg Graphic file (type jpg)
<use konten/gambar/bismillah.jpg>
Package pdftex.def Info: konten/gambar/bismillah.jpg  used on input line 17.
(pdftex.def)             Requested size: 278.83578pt x 60.75821pt.
)

[6




 <./konten/gambar/bismillah.jpg>]

Package hyperref Warning: Token not allowed in a PDF string (Unicode):
(hyperref)                removing `\uppercase' on input line 71.

\openout2 = `halamandepan/kataPengantar.aux'.

(halamandepan/kataPengantar.tex
Underfull \hbox (badness 2142) in paragraph at lines 30--31
[]\OT1/ptm/m/n/12 Seluruh Dosen Pro-gram Studi Sis-tem In-for-masi Fakul-tas Sains dan
 []



[7




])

[8]
\openout2 = `halamandepan/abstrak.aux'.

 (halamandepan/abstrak.tex)
Underfull \hbox (badness 10000) in paragraph at lines 38--71

 []



[9




]
\openout2 = `halamandepan/abstrakInggris.aux'.

 (halamandepan/abstrakInggris.tex)
Underfull \hbox (badness 10000) in paragraph at lines 38--71

 []



[10




] (tugasakhir.toc

[11



]

[12]

[13])
\tf@toc=\write4
\openout4 = `tugasakhir.toc'.



[14] (tugasakhir.lof

[15


]
Overfull \hbox (4.61922pt too wide) detected at line 66
 [][]\OT1/ptm/m/n/12 A - 2[]
 []


Overfull \hbox (4.61922pt too wide) detected at line 67
 [][]\OT1/ptm/m/n/12 A - 3[]
 []


Overfull \hbox (4.61922pt too wide) detected at line 68
 [][]\OT1/ptm/m/n/12 A - 4[]
 []


Overfull \hbox (4.61922pt too wide) detected at line 69
 [][]\OT1/ptm/m/n/12 A - 5[]
 []


Overfull \hbox (4.61922pt too wide) detected at line 70
 [][]\OT1/ptm/m/n/12 A - 6[]
 []



[16]
Overfull \hbox (4.61922pt too wide) detected at line 71
 [][]\OT1/ptm/m/n/12 A - 7[]
 []


Overfull \hbox (4.61922pt too wide) detected at line 72
 [][]\OT1/ptm/m/n/12 A - 8[]
 []


Overfull \hbox (4.61922pt too wide) detected at line 73
 [][]\OT1/ptm/m/n/12 A - 9[]
 []


Overfull \hbox (10.61922pt too wide) detected at line 74
 [][]\OT1/ptm/m/n/12 A - 10[]
 []


Overfull \hbox (10.61922pt too wide) detected at line 75
 [][]\OT1/ptm/m/n/12 A - 11[]
 []


Overfull \hbox (3.95917pt too wide) detected at line 77
 [][]\OT1/ptm/m/n/12 B - 1[]
 []


Overfull \hbox (3.95917pt too wide) detected at line 78
 [][]\OT1/ptm/m/n/12 B - 1[]
 []


Overfull \hbox (3.95917pt too wide) detected at line 79
 [][]\OT1/ptm/m/n/12 B - 2[]
 []


Overfull \hbox (3.95917pt too wide) detected at line 80
 [][]\OT1/ptm/m/n/12 B - 2[]
 []


Overfull \hbox (3.95917pt too wide) detected at line 81
 [][]\OT1/ptm/m/n/12 B - 3[]
 []


Overfull \hbox (3.95917pt too wide) detected at line 82
 [][]\OT1/ptm/m/n/12 B - 3[]
 []


Overfull \hbox (3.95917pt too wide) detected at line 83
 [][]\OT1/ptm/m/n/12 B - 4[]
 []


Overfull \hbox (3.95917pt too wide) detected at line 84
 [][]\OT1/ptm/m/n/12 B - 4[]
 []


Overfull \hbox (3.95917pt too wide) detected at line 85
 [][]\OT1/ptm/m/n/12 B - 5[]
 []


Overfull \hbox (3.95917pt too wide) detected at line 86
 [][]\OT1/ptm/m/n/12 B - 5[]
 []


Overfull \hbox (3.95917pt too wide) detected at line 88
 [][]\OT1/ptm/m/n/12 C - 1[]
 []


Overfull \hbox (4.61922pt too wide) detected at line 90
 [][]\OT1/ptm/m/n/12 D - 1[]
 []


Overfull \hbox (4.61922pt too wide) detected at line 91
 [][]\OT1/ptm/m/n/12 D - 1[]
 []


Overfull \hbox (4.61922pt too wide) detected at line 92
 [][]\OT1/ptm/m/n/12 D - 2[]
 []


Overfull \hbox (4.61922pt too wide) detected at line 93
 [][]\OT1/ptm/m/n/12 D - 2[]
 []


Overfull \hbox (4.61922pt too wide) detected at line 94
 [][]\OT1/ptm/m/n/12 D - 3[]
 []


Overfull \hbox (4.61922pt too wide) detected at line 95
 [][]\OT1/ptm/m/n/12 D - 3[]
 []


Overfull \hbox (4.61922pt too wide) detected at line 96
 [][]\OT1/ptm/m/n/12 D - 4[]
 []


Overfull \hbox (4.61922pt too wide) detected at line 97
 [][]\OT1/ptm/m/n/12 D - 4[]
 []


Overfull \hbox (4.61922pt too wide) detected at line 98
 [][]\OT1/ptm/m/n/12 D - 5[]
 []


Overfull \hbox (4.61922pt too wide) detected at line 99
 [][]\OT1/ptm/m/n/12 D - 6[]
 []


Overfull \hbox (4.61922pt too wide) detected at line 100
 [][]\OT1/ptm/m/n/12 D - 6[]
 []


Overfull \hbox (4.61922pt too wide) detected at line 101
 [][]\OT1/ptm/m/n/12 D - 7[]
 []


Overfull \hbox (4.61922pt too wide) detected at line 102
 [][]\OT1/ptm/m/n/12 D - 8[]
 []


Overfull \hbox (4.61922pt too wide) detected at line 103
 [][]\OT1/ptm/m/n/12 D - 8[]
 []



[17]
Overfull \hbox (4.61922pt too wide) detected at line 104
 [][]\OT1/ptm/m/n/12 D - 9[]
 []


Overfull \hbox (10.61922pt too wide) detected at line 105
 [][]\OT1/ptm/m/n/12 D - 10[]
 []


Overfull \hbox (10.61922pt too wide) detected at line 106
 [][]\OT1/ptm/m/n/12 D - 11[]
 []


Overfull \hbox (10.61922pt too wide) detected at line 107
 [][]\OT1/ptm/m/n/12 D - 12[]
 []


Overfull \hbox (10.61922pt too wide) detected at line 108
 [][]\OT1/ptm/m/n/12 D - 13[]
 []

)
\tf@lof=\write5
\openout5 = `tugasakhir.lof'.



[18] (tugasakhir.lot)
\tf@lot=\write6
\openout6 = `tugasakhir.lot'.



[19


]
\openout2 = `halamandepan/daftarSingkatan.aux'.

 (halamandepan/daftarSingkatan.tex)

[20



]
\openout2 = `konten/bab1.aux'.

 (konten/bab1.tex
BAB 1.

Package hyperref Warning: Token not allowed in a PDF string (Unicode):
(hyperref)                removing `\uppercase' on input line 14.




pdfTeX warning (ext4): destination with the same identifier (name{page.1}) has been already used, duplicate ignored
<to be read again> 
                   \relax 
l.29 
      [1




]

[2]

[3]
Underfull \hbox (badness 1917) in paragraph at lines 44--45
[]\OT1/ptm/m/n/12 Berdasarkan latar be-lakang yang telah di-u-raikan, diper-oleh ru-mu-san
 []



[4]

[5])

[6]
\openout2 = `konten/bab2.aux'.

 (konten/bab2.tex
BAB 2.

Package hyperref Warning: Token not allowed in a PDF string (Unicode):
(hyperref)                removing `\uppercase' on input line 14.



[7




]
Underfull \hbox (badness 1478) in paragraph at lines 63--64
[]\OT1/ptm/m/n/12 Untuk men-ca-pai Visi Lab-o-ra-to-rium Pro-gram Studi Sis-tem In-for-masi,
 []


Underfull \hbox (badness 2486) in paragraph at lines 68--69
[]\OT1/ptm/m/n/12 Mendukung pelak-sanaan kegiatan peneli-tian yang berba-sis teknologi
 []


Underfull \hbox (badness 4726) in paragraph at lines 69--70
[]\OT1/ptm/m/n/12 Mendukung kegiatan pengab-dian kepada masyarakat yang berba-sis
 []

<konten/gambar/Struktur Organisasi.png, id=1167, 406.01688pt x 305.14pt>
File: konten/gambar/Struktur Organisasi.png Graphic file (type png)
<use konten/gambar/Struktur Organisasi.png>
Package pdftex.def Info: konten/gambar/Struktur Organisasi.png  used on input line 81.
(pdftex.def)             Requested size: 326.64055pt x 245.49051pt.


[8]

[9 <./konten/gambar/Struktur Organisasi.png>]

[10]
<konten/gambar/lab-rsi.jpg, id=1226, 424.422pt x 239.148pt>
File: konten/gambar/lab-rsi.jpg Graphic file (type jpg)
<use konten/gambar/lab-rsi.jpg>
Package pdftex.def Info: konten/gambar/lab-rsi.jpg  used on input line 105.
(pdftex.def)             Requested size: 326.64055pt x 184.05693pt.
<konten/gambar/lab-internet.jpg, id=1233, 424.422pt x 239.148pt>
File: konten/gambar/lab-internet.jpg Graphic file (type jpg)
<use konten/gambar/lab-internet.jpg>
Package pdftex.def Info: konten/gambar/lab-internet.jpg  used on input line 115.
(pdftex.def)             Requested size: 326.64055pt x 184.05693pt.


[11 <./konten/gambar/lab-rsi.jpg>]
<konten/gambar/lab-se.jpg, id=1246, 424.422pt x 239.148pt>
File: konten/gambar/lab-se.jpg Graphic file (type jpg)
<use konten/gambar/lab-se.jpg>
Package pdftex.def Info: konten/gambar/lab-se.jpg  used on input line 125.
(pdftex.def)             Requested size: 326.64055pt x 184.05693pt.


[12 <./konten/gambar/lab-internet.jpg> <./konten/gambar/lab-se.jpg>]
<konten//gambar/labsi.png, id=1260, 1014.79124pt x 563.10374pt>
File: konten//gambar/labsi.png Graphic file (type png)
<use konten//gambar/labsi.png>
Package pdftex.def Info: konten//gambar/labsi.png  used on input line 177.
(pdftex.def)             Requested size: 326.64055pt x 181.24513pt.
<konten//gambar/labvis.png, id=1267, 1309.0415pt x 667.47481pt>
File: konten//gambar/labvis.png Graphic file (type png)
<use konten//gambar/labvis.png>
Package pdftex.def Info: konten//gambar/labvis.png  used on input line 187.
(pdftex.def)             Requested size: 326.64055pt x 166.55255pt.


[13 <./konten//gambar/labsi.png>]
<konten//gambar/laris.png, id=1280, 1422.0628pt x 761.09344pt>
File: konten//gambar/laris.png Graphic file (type png)
<use konten//gambar/laris.png>
Package pdftex.def Info: konten//gambar/laris.png  used on input line 197.
(pdftex.def)             Requested size: 326.64055pt x 174.81554pt.

Underfull \hbox (badness 1005) in paragraph at lines 203--204
\OT1/ptm/m/n/12 dibuat de-ngan meng-gu-nakan \OT1/ptm/m/it/12 Frame-work \OT1/ptm/m/n/12 CodeIgniter4 dan ba-hasa pem-ro-gra-
 []



[14 <./konten//gambar/labvis.png> <./konten//gambar/laris.png>]

LaTeX Warning: Citation `sitaris-lab-si-website' undefined on input line 205.

<konten//gambar/Login Page.png, id=1294, 1927.2pt x 1003.75pt>
File: konten//gambar/Login Page.png Graphic file (type png)
<use konten//gambar/Login Page.png>
Package pdftex.def Info: konten//gambar/Login Page.png  used on input line 212.
(pdftex.def)             Requested size: 326.64055pt x 170.1145pt.
<konten//gambar/login berhasil.png, id=1295, 1927.2pt x 1003.75pt>
File: konten//gambar/login berhasil.png Graphic file (type png)
<use konten//gambar/login berhasil.png>
Package pdftex.def Info: konten//gambar/login berhasil.png  used on input line 221.
(pdftex.def)             Requested size: 326.64055pt x 170.1145pt.


[15 <./konten//gambar/Login Page.png>]
<konten//gambar/barang.png, id=1304, 1445.4pt x 813.0375pt>
File: konten//gambar/barang.png Graphic file (type png)
<use konten//gambar/barang.png>
Package pdftex.def Info: konten//gambar/barang.png  used on input line 230.
(pdftex.def)             Requested size: 326.64055pt x 183.73193pt.


[16 <./konten//gambar/login berhasil.png> <./konten//gambar/barang.png>]
<konten//gambar/agile.png, id=1314, 804.00375pt x 347.79938pt>
File: konten//gambar/agile.png Graphic file (type png)
<use konten//gambar/agile.png>
Package pdftex.def Info: konten//gambar/agile.png  used on input line 242.
(pdftex.def)             Requested size: 326.64055pt x 141.29845pt.

Underfull \hbox (badness 1596) in paragraph at lines 249--250
[]\OT1/ptm/m/it/12 Unified Mod-elling Lan-guage \OT1/ptm/m/n/12 (UML) meru-pakan se-buah ba-hasa yang
 []

LaTeX Font Info:    Font shape `OT1/ptm/bx/n' in size <10> not available
(Font)              Font shape `OT1/ptm/b/n' tried instead on input line 268.
LaTeX Font Info:    Font shape `OT1/ptm/bx/n' in size <7.4> not available
(Font)              Font shape `OT1/ptm/b/n' tried instead on input line 268.
LaTeX Font Info:    Font shape `OT1/ptm/bx/n' in size <6> not available
(Font)              Font shape `OT1/ptm/b/n' tried instead on input line 268.
<konten/gambar/uc1.jpg, id=1318, 30.86531pt x 41.4047pt>
File: konten/gambar/uc1.jpg Graphic file (type jpg)
<use konten/gambar/uc1.jpg>
Package pdftex.def Info: konten/gambar/uc1.jpg  used on input line 268.
(pdftex.def)             Requested size: 25.89369pt x 34.71397pt.
<konten/gambar/uc2.png, id=1319, 56.46094pt x 12.7978pt>
File: konten/gambar/uc2.png Graphic file (type png)
<use konten/gambar/uc2.png>
Package pdftex.def Info: konten/gambar/uc2.png  used on input line 269.
(pdftex.def)             Requested size: 25.89221pt x 5.97531pt.
<konten/gambar/uc3.png, id=1320, 63.98906pt x 9.78656pt>
File: konten/gambar/uc3.png Graphic file (type png)
<use konten/gambar/uc3.png>
Package pdftex.def Info: konten/gambar/uc3.png  used on input line 270.
(pdftex.def)             Requested size: 25.89198pt x 5.97545pt.
<konten/gambar/uc4.png, id=1321, 60.97781pt x 9.78656pt>
File: konten/gambar/uc4.png Graphic file (type png)
<use konten/gambar/uc4.png>
Package pdftex.def Info: konten/gambar/uc4.png  used on input line 271.
(pdftex.def)             Requested size: 25.89241pt x 5.97545pt.
<konten/gambar/uc5.png, id=1322, 68.50594pt x 9.78656pt>
File: konten/gambar/uc5.png Graphic file (type png)
<use konten/gambar/uc5.png>
Package pdftex.def Info: konten/gambar/uc5.png  used on input line 272.
(pdftex.def)             Requested size: 25.89244pt x 5.97545pt.
<konten/gambar/uc6.png, id=1323, 53.44969pt x 22.58438pt>
File: konten/gambar/uc6.png Graphic file (type png)
<use konten/gambar/uc6.png>
Package pdftex.def Info: konten/gambar/uc6.png  used on input line 273.
(pdftex.def)             Requested size: 25.89206pt x 5.97517pt.
<konten/gambar/uc7.png, id=1324, 61.73062pt x 96.36pt>
File: konten/gambar/uc7.png Graphic file (type png)
<use konten/gambar/uc7.png>
Package pdftex.def Info: konten/gambar/uc7.png  used on input line 274.
(pdftex.def)             Requested size: 25.89276pt x 40.4018pt.
<konten/gambar/uc8.png, id=1325, 121.95563pt x 64.74188pt>
File: konten/gambar/uc8.png Graphic file (type png)
<use konten/gambar/uc8.png>
Package pdftex.def Info: konten/gambar/uc8.png  used on input line 275.
(pdftex.def)             Requested size: 27.88358pt x 14.79547pt.
<konten/gambar/uc9.jpg, id=1326, 71.51718pt x 32.37094pt>
File: konten/gambar/uc9.jpg Graphic file (type jpg)
<use konten/gambar/uc9.jpg>
Package pdftex.def Info: konten/gambar/uc9.jpg  used on input line 276.
(pdftex.def)             Requested size: 30.16031pt x 13.65742pt.


[17 <./konten//gambar/agile.png>]
<konten/gambar/ac1.png, id=1336, 76.03406pt x 41.4047pt>
File: konten/gambar/ac1.png Graphic file (type png)
<use konten/gambar/ac1.png>
Package pdftex.def Info: konten/gambar/ac1.png  used on input line 296.
(pdftex.def)             Requested size: 26.74573pt x 14.5108pt.
<konten/gambar/ac2.png, id=1337, 70.76437pt x 35.38219pt>
File: konten/gambar/ac2.png Graphic file (type png)
<use konten/gambar/ac2.png>
Package pdftex.def Info: konten/gambar/ac2.png  used on input line 298.
(pdftex.def)             Requested size: 26.74496pt x 13.37248pt.
<konten/gambar/ac3.png, id=1338, 27.85406pt x 27.85406pt>
File: konten/gambar/ac3.png Graphic file (type png)
<use konten/gambar/ac3.png>
Package pdftex.def Info: konten/gambar/ac3.png  used on input line 299.
(pdftex.def)             Requested size: 17.07169pt x 17.07169pt.
<konten/gambar/ac4.png, id=1339, 32.37094pt x 32.37094pt>
File: konten/gambar/ac4.png Graphic file (type png)
<use konten/gambar/ac4.png>
Package pdftex.def Info: konten/gambar/ac4.png  used on input line 300.
(pdftex.def)             Requested size: 17.07254pt x 17.07254pt.
<konten/gambar/ac5.png, id=1340, 69.25874pt x 4.51688pt>
File: konten/gambar/ac5.png Graphic file (type png)
<use konten/gambar/ac5.png>
Package pdftex.def Info: konten/gambar/ac5.png  used on input line 301.
(pdftex.def)             Requested size: 26.74553pt x 1.70705pt.


[18 <./konten/gambar/uc1.jpg> <./konten/gambar/uc2.png> <./konten/gambar/uc3.png> <./konten/gambar/uc4.png> <./konten/gambar/uc5.png> <./konten/gambar/uc6.png> <./konten/gambar/uc7.png> <./konten/gambar/uc8.png> <./konten/gambar/uc9.jpg>]
<konten/gambar/cd1.png, id=1348, 90.3375pt x 73.02281pt>
File: konten/gambar/cd1.png Graphic file (type png)
<use konten/gambar/cd1.png>
Package pdftex.def Info: konten/gambar/cd1.png  used on input line 322.
(pdftex.def)             Requested size: 27.88303pt x 22.76161pt.
<konten/gambar/cd2.png, id=1349, 75.28125pt x 63.98906pt>
File: konten/gambar/cd2.png Graphic file (type png)
<use konten/gambar/cd2.png>
Package pdftex.def Info: konten/gambar/cd2.png  used on input line 323.
(pdftex.def)             Requested size: 20.20099pt x 17.35538pt.
<konten/gambar/cd3.png, id=1350, 93.34875pt x 19.57312pt>
File: konten/gambar/cd3.png Graphic file (type png)
<use konten/gambar/cd3.png>
Package pdftex.def Info: konten/gambar/cd3.png  used on input line 324.
(pdftex.def)             Requested size: 29.87505pt x 6.25963pt.
<konten/gambar/cd4.png, id=1351, 82.05656pt x 12.7978pt>
File: konten/gambar/cd4.png Graphic file (type png)
<use konten/gambar/cd4.png>
Package pdftex.def Info: konten/gambar/cd4.png  used on input line 325.
(pdftex.def)             Requested size: 29.87589pt x 6.25964pt.
<konten/gambar/cd5.png, id=1352, 76.78688pt x 12.7978pt>
File: konten/gambar/cd5.png Graphic file (type png)
<use konten/gambar/cd5.png>
Package pdftex.def Info: konten/gambar/cd5.png  used on input line 326.
(pdftex.def)             Requested size: 29.87527pt x 6.25964pt.


[19 <./konten/gambar/ac1.png> <./konten/gambar/ac2.png> <./konten/gambar/ac3.png> <./konten/gambar/ac4.png> <./konten/gambar/ac5.png> <./konten/gambar/cd1.png> <./konten/gambar/cd2.png> <./konten/gambar/cd3.png> <./konten/gambar/cd4.png> <./konten/gambar/cd5.png>]
Underfull \hbox (badness 1448) in paragraph at lines 350--351
\OT1/ptm/m/n/12 tur yang di-gu-nakan un-tuk memu-dahkan pe-ngem-bangan apli-kasi atau sis-tem
 []



[20]

[21])

[22]
\openout2 = `konten/bab3.aux'.

 (konten/bab3.tex
BAB 3.

Package hyperref Warning: Token not allowed in a PDF string (Unicode):
(hyperref)                removing `\uppercase' on input line 15.

<konten//gambar/metodologi-penelitian.png, id=1425, 1212.02812pt x 710.655pt>
File: konten//gambar/metodologi-penelitian.png Graphic file (type png)
<use konten//gambar/metodologi-penelitian.png>
Package pdftex.def Info: konten//gambar/metodologi-penelitian.png  used on input line 20.
(pdftex.def)             Requested size: 366.47075pt x 214.8789pt.


[23




 <./konten//gambar/metodologi-penelitian.png>]

[24])

[25]
\openout2 = `konten/bab4.aux'.

 (konten/bab4.tex
BAB 4.

Package hyperref Warning: Token not allowed in a PDF string (Unicode):
(hyperref)                removing `\uppercase' on input line 15.


Underfull \hbox (badness 1997) in paragraph at lines 37--38
[]\OT1/ptm/m/it/12 Laboratory As-sis-tant Reg-is-tra-tion In-for-ma-tion Sys-tem \OT1/ptm/m/n/12 yang dis-ingkat
 []



[26




]

[27]

[28]
LaTeX Font Info:    Calculating math sizes for size <11> on input line 108.
LaTeX Font Info:    Font shape `OT1/ptm/bx/n' in size <11> not available
(Font)              Font shape `OT1/ptm/b/n' tried instead on input line 108.
LaTeX Font Info:    Font shape `OT1/ptm/bx/n' in size <7.69997> not available
(Font)              Font shape `OT1/ptm/b/n' tried instead on input line 108.
LaTeX Font Info:    Font shape `OT1/ptm/bx/n' in size <5.5> not available
(Font)              Font shape `OT1/ptm/b/n' tried instead on input line 108.
LaTeX Font Info:    Trying to load font information for TS1+ptm on input line 112.
 (C:\Users\USER PCP\AppData\Local\Programs\MiKTeX\tex/latex/psnfss\ts1ptm.fd
File: ts1ptm.fd 2001/06/04 font definitions for TS1/ptm.
)

[29]

[30]
<konten/gambar/usecase-diagram/admin.png, id=1488, 801.74532pt x 638.385pt>
File: konten/gambar/usecase-diagram/admin.png Graphic file (type png)
<use konten/gambar/usecase-diagram/admin.png>
Package pdftex.def Info: konten/gambar/usecase-diagram/admin.png  used on input line 161.
(pdftex.def)             Requested size: 326.64055pt x 260.0933pt.


[31 <./konten/gambar/usecase-diagram/admin.png>]
<konten/gambar/activity-diagram/login.png, id=1501, 639.89063pt x 671.50874pt>
File: konten/gambar/activity-diagram/login.png Graphic file (type png)
<use konten/gambar/activity-diagram/login.png>
Package pdftex.def Info: konten/gambar/activity-diagram/login.png  used on input line 249.
(pdftex.def)             Requested size: 326.64055pt x 342.78256pt.


[32]

[33 <./konten/gambar/activity-diagram/login.png>]

[34]
<konten/gambar/class-diagram.png, id=1526, 596.2275pt x 709.14937pt>
File: konten/gambar/class-diagram.png Graphic file (type png)
<use konten/gambar/class-diagram.png>
Package pdftex.def Info: konten/gambar/class-diagram.png  used on input line 289.
(pdftex.def)             Requested size: 326.64055pt x 388.50764pt.


[35 <./konten/gambar/class-diagram.png>]

[36] [37] [38] [39]
Underfull \hbox (badness 1436) in paragraph at lines 498--499
[]\OT1/ptm/m/n/12 Tabel ini mem-berikan se-tiap peng-guna iden-ti-fikasi unik melalui
 []



[40]

[41]
<konten/gambar/menu.png, id=1588, 1409.265pt x 948.54375pt>
File: konten/gambar/menu.png Graphic file (type png)
<use konten/gambar/menu.png>
Package pdftex.def Info: konten/gambar/menu.png  used on input line 548.
(pdftex.def)             Requested size: 326.64055pt x 219.85388pt.
<konten/gambar/landing-page.png, id=1590, 581.92406pt x 688.07062pt>
File: konten/gambar/landing-page.png Graphic file (type png)
<use konten/gambar/landing-page.png>
Package pdftex.def Info: konten/gambar/landing-page.png  used on input line 563.
(pdftex.def)             Requested size: 326.64055pt x 386.23035pt.


[42 <./konten/gambar/menu.png>]
Underfull \hbox (badness 10000) in paragraph at lines 588--589
[]|\OT1/ptm/m/n/11 Text "Man-age-ment In-for-ma-tion Sys-tem"
 []


Underfull \hbox (badness 2376) in paragraph at lines 593--594
[]|\OT1/ptm/m/n/11 Container cards de-ngan dis-play: grid, grid-
 []


Underfull \hbox (badness 5711) in paragraph at lines 599--600
[]|\OT1/ptm/m/n/11 Container ques-tion de-ngan padding: 24px,
 []

[43 <./konten/gambar/landing-page.png>]
<konten/gambar/pilih-login.png, id=1603, 763.35187pt x 510.40688pt>
File: konten/gambar/pilih-login.png Graphic file (type png)
<use konten/gambar/pilih-login.png>
Package pdftex.def Info: konten/gambar/pilih-login.png  used on input line 609.
(pdftex.def)             Requested size: 326.64055pt x 218.40369pt.


[44]
Underfull \hbox (badness 1158) in paragraph at lines 630--631
[]|\OT1/ptm/m/n/11 Text sub-header "Silahkan pilih apli-kasi yang
 []


Underfull \hbox (badness 10000) in paragraph at lines 631--632
[]|\OT1/ptm/m/n/11 Container card de-ngan back-ground color
 []

<konten/gambar/user interface/ui-jadwal.png, id=1610, 740.7675pt x 449.42906pt>
File: konten/gambar/user interface/ui-jadwal.png Graphic file (type png)
<use konten/gambar/user interface/ui-jadwal.png>
Package pdftex.def Info: konten/gambar/user interface/ui-jadwal.png  used on input line 642.
(pdftex.def)             Requested size: 326.64055pt x 198.17456pt.


[45 <./konten/gambar/pilih-login.png>]
Underfull \hbox (badness 10000) in paragraph at lines 665--666
[]|\OT1/ptm/m/n/11 Profile sec-tion de-ngan nama user "NIM:
 []


Underfull \hbox (badness 1622) in paragraph at lines 666--667
[]|\OT1/ptm/m/n/11 Text header "Jad-wal" de-ngan fonts Hel-vetica
 []

<konten/gambar/user interface/ui-jadwal-rsi.png, id=1617, 649.67719pt x 429.85594pt>
File: konten/gambar/user interface/ui-jadwal-rsi.png Graphic file (type png)
<use konten/gambar/user interface/ui-jadwal-rsi.png>
Package pdftex.def Info: konten/gambar/user interface/ui-jadwal-rsi.png  used on input line 678.
(pdftex.def)             Requested size: 326.64055pt x 216.12119pt.


[46 <./konten/gambar/user interface/ui-jadwal.png>]
<konten/gambar/tambah-jadwal.png, id=1624, 700.11563pt x 467.49657pt>
File: konten/gambar/tambah-jadwal.png Graphic file (type png)
<use konten/gambar/tambah-jadwal.png>
Package pdftex.def Info: konten/gambar/tambah-jadwal.png  used on input line 685.
(pdftex.def)             Requested size: 326.64055pt x 218.11127pt.


[47 <./konten/gambar/user interface/ui-jadwal-rsi.png> <./konten/gambar/tambah-jadwal.png>]
<konten/gambar/user interface/edit-jadwal.png, id=1634, 772.38562pt x 511.9125pt>
File: konten/gambar/user interface/edit-jadwal.png Graphic file (type png)
<use konten/gambar/user interface/edit-jadwal.png>
Package pdftex.def Info: konten/gambar/user interface/edit-jadwal.png  used on input line 723.
(pdftex.def)             Requested size: 326.64055pt x 216.4859pt.


[48] [49 <./konten/gambar/user interface/edit-jadwal.png>]
<konten/gambar/user interface/ui-matkul.png, id=1647, 801.74532pt x 532.23843pt>
File: konten/gambar/user interface/ui-matkul.png Graphic file (type png)
<use konten/gambar/user interface/ui-matkul.png>
Package pdftex.def Info: konten/gambar/user interface/ui-matkul.png  used on input line 762.
(pdftex.def)             Requested size: 326.64055pt x 216.84666pt.
<konten/gambar/user interface/tambah-matkul.png, id=1650, 634.62094pt x 416.30531pt>
File: konten/gambar/user interface/tambah-matkul.png Graphic file (type png)
<use konten/gambar/user interface/tambah-matkul.png>
Package pdftex.def Info: konten/gambar/user interface/tambah-matkul.png  used on input line 769.
(pdftex.def)             Requested size: 326.64055pt x 214.27576pt.


[50 <./konten/gambar/user interface/ui-matkul.png>]
File: konten/gambar/user interface/edit-jadwal.png Graphic file (type png)
<use konten/gambar/user interface/edit-jadwal.png>
Package pdftex.def Info: konten/gambar/user interface/edit-jadwal.png  used on input line 776.
(pdftex.def)             Requested size: 326.64055pt x 216.4859pt.
<konten/gambar/user interface/ui-dosen.png, id=1662, 681.29532pt x 455.45157pt>
File: konten/gambar/user interface/ui-dosen.png Graphic file (type png)
<use konten/gambar/user interface/ui-dosen.png>
Package pdftex.def Info: konten/gambar/user interface/ui-dosen.png  used on input line 783.
(pdftex.def)             Requested size: 326.64055pt x 218.36407pt.


[51 <./konten/gambar/user interface/tambah-matkul.png>]
<konten/gambar/user interface/tambah-dosen.png, id=1672, 743.02594pt x 493.0922pt>
File: konten/gambar/user interface/tambah-dosen.png Graphic file (type png)
<use konten/gambar/user interface/tambah-dosen.png>
Package pdftex.def Info: konten/gambar/user interface/tambah-dosen.png  used on input line 790.
(pdftex.def)             Requested size: 326.64055pt x 216.77313pt.
<konten/gambar/user interface/edit-dosen.png, id=1675, 846.91406pt x 554.07pt>
File: konten/gambar/user interface/edit-dosen.png Graphic file (type png)
<use konten/gambar/user interface/edit-dosen.png>
Package pdftex.def Info: konten/gambar/user interface/edit-dosen.png  used on input line 797.
(pdftex.def)             Requested size: 326.64055pt x 213.69383pt.


[52 <./konten/gambar/user interface/ui-dosen.png> <./konten/gambar/user interface/tambah-dosen.png>])

[53 <./konten/gambar/user interface/edit-dosen.png>]
\openout2 = `konten/bab5.aux'.

 (konten/bab5.tex
BAB 5.

Package hyperref Warning: Token not allowed in a PDF string (Unicode):
(hyperref)                removing `\uppercase' on input line 14.


Underfull \hbox (badness 4303) in paragraph at lines 30--31
[]\OT1/ptm/m/n/12 Implementasi pada ling-kungan \OT1/ptm/m/it/12 hard-ware \OT1/ptm/m/n/12 adalah im-ple-men-tasi pada
 []

[54




]
Underfull \hbox (badness 6188) in paragraph at lines 56--57
[]\OT1/ptm/m/n/12 Implementasi pada ling-kungan \OT1/ptm/m/it/12 soft-ware \OT1/ptm/m/n/12 adalah im-ple-men-tasi pada
 []



[55]
<konten/gambar/implementasi/tabel-dosen.png, id=1705, 1013.28563pt x 312.41719pt>
File: konten/gambar/implementasi/tabel-dosen.png Graphic file (type png)
<use konten/gambar/implementasi/tabel-dosen.png>
Package pdftex.def Info: konten/gambar/implementasi/tabel-dosen.png  used on input line 88.
(pdftex.def)             Requested size: 326.64055pt x 100.70967pt.
<konten/gambar/implementasi/tabel-matkul.png, id=1707, 958.3303pt x 289.08pt>
File: konten/gambar/implementasi/tabel-matkul.png Graphic file (type png)
<use konten/gambar/implementasi/tabel-matkul.png>
Package pdftex.def Info: konten/gambar/implementasi/tabel-matkul.png  used on input line 98.
(pdftex.def)             Requested size: 326.64055pt x 98.52849pt.


[56 <./konten/gambar/implementasi/tabel-dosen.png> <./konten/gambar/implementasi/tabel-matkul.png>]
<konten/gambar/implementasi/tabel-jadwal.png, id=1717, 899.61093pt x 362.85562pt>
File: konten/gambar/implementasi/tabel-jadwal.png Graphic file (type png)
<use konten/gambar/implementasi/tabel-jadwal.png>
Package pdftex.def Info: konten/gambar/implementasi/tabel-jadwal.png  used on input line 107.
(pdftex.def)             Requested size: 326.64055pt x 131.74634pt.
<konten//gambar/Tampilan database tabel ruangan.png, id=1719, 871.75688pt x 233.37187pt>
File: konten//gambar/Tampilan database tabel ruangan.png Graphic file (type png)
<use konten//gambar/Tampilan database tabel ruangan.png>
Package pdftex.def Info: konten//gambar/Tampilan database tabel ruangan.png  used on input line 116.
(pdftex.def)             Requested size: 326.64055pt x 87.44301pt.


[57 <./konten/gambar/implementasi/tabel-jadwal.png> <./konten//gambar/Tampilan database tabel ruangan.png>]
<konten//gambar/Tampilan database tabel user.png, id=1728, 694.09312pt x 227.34938pt>
File: konten//gambar/Tampilan database tabel user.png Graphic file (type png)
<use konten//gambar/Tampilan database tabel user.png>
Package pdftex.def Info: konten//gambar/Tampilan database tabel user.png  used on input line 125.
(pdftex.def)             Requested size: 326.64055pt x 106.99298pt.
<konten//gambar/routes/dosen.png, id=1732, 827.34094pt x 298.11375pt>
File: konten//gambar/routes/dosen.png Graphic file (type png)
<use konten//gambar/routes/dosen.png>
Package pdftex.def Info: konten//gambar/routes/dosen.png  used on input line 138.
(pdftex.def)             Requested size: 326.64055pt x 117.70132pt.
<konten//gambar/routes/matkul.png, id=1734, 858.20625pt x 302.63063pt>
File: konten//gambar/routes/matkul.png Graphic file (type png)
<use konten//gambar/routes/matkul.png>
Package pdftex.def Info: konten//gambar/routes/matkul.png  used on input line 145.
(pdftex.def)             Requested size: 326.64055pt x 115.18553pt.


[58 <./konten//gambar/Tampilan database tabel user.png> <./konten//gambar/routes/dosen.png>]
<konten//gambar/routes/jadwal.png, id=1744, 854.44218pt x 370.38374pt>
File: konten//gambar/routes/jadwal.png Graphic file (type png)
<use konten//gambar/routes/jadwal.png>
Package pdftex.def Info: konten//gambar/routes/jadwal.png  used on input line 152.
(pdftex.def)             Requested size: 326.64055pt x 141.58936pt.
<konten//gambar/routes/ruangan.png, id=1746, 879.285pt x 300.3722pt>
File: konten//gambar/routes/ruangan.png Graphic file (type png)
<use konten//gambar/routes/ruangan.png>
Package pdftex.def Info: konten//gambar/routes/ruangan.png  used on input line 159.
(pdftex.def)             Requested size: 326.64055pt x 111.58054pt.
<konten//gambar/routes/user.png, id=1748, 880.03781pt x 383.18156pt>
File: konten//gambar/routes/user.png Graphic file (type png)
<use konten//gambar/routes/user.png>
Package pdftex.def Info: konten//gambar/routes/user.png  used on input line 166.
(pdftex.def)             Requested size: 326.64055pt x 142.21931pt.


[59 <./konten//gambar/routes/matkul.png> <./konten//gambar/routes/jadwal.png> <./konten//gambar/routes/ruangan.png>]
Underfull \hbox (badness 1810) in paragraph at lines 216--217
[]\OT1/ptm/m/it/12 View \OT1/ptm/m/n/12 adalah kom-po-nen yang menampilkan an-tar-muka peng-guna dan
 []



[60 <./konten//gambar/routes/user.png>]
<konten/gambar/perbaikan/kode-barang.png, id=1778, 1444.64719pt x 758.08218pt>
File: konten/gambar/perbaikan/kode-barang.png Graphic file (type png)
<use konten/gambar/perbaikan/kode-barang.png>
Package pdftex.def Info: konten/gambar/perbaikan/kode-barang.png  used on input line 232.
(pdftex.def)             Requested size: 326.64055pt x 171.40555pt.
<konten/gambar/perbaikan/pilih-peminjaman.jpeg, id=1780, 1730.465pt x 916.42375pt>
File: konten/gambar/perbaikan/pilih-peminjaman.jpeg Graphic file (type jpg)
<use konten/gambar/perbaikan/pilih-peminjaman.jpeg>
Package pdftex.def Info: konten/gambar/perbaikan/pilih-peminjaman.jpeg  used on input line 240.
(pdftex.def)             Requested size: 326.64055pt x 172.97568pt.


[61 <./konten/gambar/perbaikan/kode-barang.png>]
<konten/gambar/perbaikan/peminjaman-barang.jpeg, id=1789, 1730.465pt x 916.42375pt>
File: konten/gambar/perbaikan/peminjaman-barang.jpeg Graphic file (type jpg)
<use konten/gambar/perbaikan/peminjaman-barang.jpeg>
Package pdftex.def Info: konten/gambar/perbaikan/peminjaman-barang.jpeg  used on input line 247.
(pdftex.def)             Requested size: 326.64055pt x 172.97568pt.
<konten/gambar/perbaikan/peminjaman-ruangan.jpeg, id=1791, 1730.465pt x 916.42375pt>
File: konten/gambar/perbaikan/peminjaman-ruangan.jpeg Graphic file (type jpg)
<use konten/gambar/perbaikan/peminjaman-ruangan.jpeg>
Package pdftex.def Info: konten/gambar/perbaikan/peminjaman-ruangan.jpeg  used on input line 255.
(pdftex.def)             Requested size: 326.64055pt x 172.97568pt.


[62 <./konten/gambar/perbaikan/pilih-peminjaman.jpeg> <./konten/gambar/perbaikan/peminjaman-barang.jpeg>]
<konten/gambar/perbaikan/pilih-peminjam.png, id=1799, 1927.2pt x 1204.5pt>
File: konten/gambar/perbaikan/pilih-peminjam.png Graphic file (type png)
<use konten/gambar/perbaikan/pilih-peminjam.png>
Package pdftex.def Info: konten/gambar/perbaikan/pilih-peminjam.png  used on input line 263.
(pdftex.def)             Requested size: 326.64055pt x 204.13739pt.

Underfull \hbox (badness 2401) in paragraph at lines 260--266
\OT1/ptm/m/n/12 tukan pem-in-jam yang akan melakukan pem-in-ja-man. Tampi-lan ini
 []



[63 <./konten/gambar/perbaikan/peminjaman-ruangan.jpeg> <./konten/gambar/perbaikan/pilih-peminjam.png>]
<konten/gambar/hasil/pilih-aplikasi.jpeg, id=1809, 1730.465pt x 916.42375pt>
File: konten/gambar/hasil/pilih-aplikasi.jpeg Graphic file (type jpg)
<use konten/gambar/hasil/pilih-aplikasi.jpeg>
Package pdftex.def Info: konten/gambar/hasil/pilih-aplikasi.jpeg  used on input line 277.
(pdftex.def)             Requested size: 326.64055pt x 172.97568pt.
<konten/gambar/hasil/jadwal.jpeg, id=1812, 1730.465pt x 936.49875pt>
File: konten/gambar/hasil/jadwal.jpeg Graphic file (type jpg)
<use konten/gambar/hasil/jadwal.jpeg>
Package pdftex.def Info: konten/gambar/hasil/jadwal.jpeg  used on input line 284.
(pdftex.def)             Requested size: 326.64055pt x 176.76485pt.
<konten/gambar/hasil/labor-rsi.png, id=1813, 1440.88312pt x 759.58781pt>
File: konten/gambar/hasil/labor-rsi.png Graphic file (type png)
<use konten/gambar/hasil/labor-rsi.png>
Package pdftex.def Info: konten/gambar/hasil/labor-rsi.png  used on input line 290.
(pdftex.def)             Requested size: 326.64055pt x 172.1864pt.


[64 <./konten/gambar/hasil/pilih-aplikasi.jpeg>]
<konten/gambar/hasil/labor-se.png, id=1820, 1443.14156pt x 759.58781pt>
File: konten/gambar/hasil/labor-se.png Graphic file (type png)
<use konten/gambar/hasil/labor-se.png>
Package pdftex.def Info: konten/gambar/hasil/labor-se.png  used on input line 296.
(pdftex.def)             Requested size: 326.64055pt x 171.91983pt.
<konten/gambar/hasil/labor-int.png, id=1821, 1444.64719pt x 758.08218pt>
File: konten/gambar/hasil/labor-int.png Graphic file (type png)
<use konten/gambar/hasil/labor-int.png>
Package pdftex.def Info: konten/gambar/hasil/labor-int.png  used on input line 302.
(pdftex.def)             Requested size: 326.64055pt x 171.40555pt.


[65 <./konten/gambar/hasil/jadwal.jpeg> <./konten/gambar/hasil/labor-rsi.png> <./konten/gambar/hasil/labor-se.png>]
<konten/gambar/hasil/tambah-jadwal.jpeg, id=1830, 1730.465pt x 936.49875pt>
File: konten/gambar/hasil/tambah-jadwal.jpeg Graphic file (type jpg)
<use konten/gambar/hasil/tambah-jadwal.jpeg>
Package pdftex.def Info: konten/gambar/hasil/tambah-jadwal.jpeg  used on input line 309.
(pdftex.def)             Requested size: 326.64055pt x 176.76485pt.
<konten/gambar/hasil/edit-jadwal.jpeg, id=1832, 1730.465pt x 936.49875pt>
File: konten/gambar/hasil/edit-jadwal.jpeg Graphic file (type jpg)
<use konten/gambar/hasil/edit-jadwal.jpeg>
Package pdftex.def Info: konten/gambar/hasil/edit-jadwal.jpeg  used on input line 316.
(pdftex.def)             Requested size: 326.64055pt x 176.76485pt.


[66 <./konten/gambar/hasil/labor-int.png> <./konten/gambar/hasil/tambah-jadwal.jpeg>]
<konten/gambar/hasil/cetak-jadwal.png, id=1841, 1443.14156pt x 753.5653pt>
File: konten/gambar/hasil/cetak-jadwal.png Graphic file (type png)
<use konten/gambar/hasil/cetak-jadwal.png>
Package pdftex.def Info: konten/gambar/hasil/cetak-jadwal.png  used on input line 323.
(pdftex.def)             Requested size: 326.64055pt x 170.55673pt.
<konten/gambar/hasil/matkul.png, id=1843, 1444.64719pt x 759.58781pt>
File: konten/gambar/hasil/matkul.png Graphic file (type png)
<use konten/gambar/hasil/matkul.png>
Package pdftex.def Info: konten/gambar/hasil/matkul.png  used on input line 330.
(pdftex.def)             Requested size: 326.64055pt x 171.74597pt.


[67 <./konten/gambar/hasil/edit-jadwal.jpeg> <./konten/gambar/hasil/cetak-jadwal.png>]
<konten/gambar/hasil/tambah-matkul.png, id=1852, 1444.64719pt x 765.6103pt>
File: konten/gambar/hasil/tambah-matkul.png Graphic file (type png)
<use konten/gambar/hasil/tambah-matkul.png>
Package pdftex.def Info: konten/gambar/hasil/tambah-matkul.png  used on input line 337.
(pdftex.def)             Requested size: 326.64055pt x 173.10768pt.
<konten/gambar/hasil/edit-matkul.png, id=1854, 1444.64719pt x 756.57657pt>
File: konten/gambar/hasil/edit-matkul.png Graphic file (type png)
<use konten/gambar/hasil/edit-matkul.png>
Package pdftex.def Info: konten/gambar/hasil/edit-matkul.png  used on input line 344.
(pdftex.def)             Requested size: 326.64055pt x 171.06512pt.


[68 <./konten/gambar/hasil/matkul.png> <./konten/gambar/hasil/tambah-matkul.png>]
File: konten/gambar/hasil/edit-matkul.png Graphic file (type png)
<use konten/gambar/hasil/edit-matkul.png>
Package pdftex.def Info: konten/gambar/hasil/edit-matkul.png  used on input line 351.
(pdftex.def)             Requested size: 326.64055pt x 171.06512pt.
<konten/gambar/hasil/dosen.png, id=1865, 1444.64719pt x 770.88pt>
File: konten/gambar/hasil/dosen.png Graphic file (type png)
<use konten/gambar/hasil/dosen.png>
Package pdftex.def Info: konten/gambar/hasil/dosen.png  used on input line 358.
(pdftex.def)             Requested size: 326.64055pt x 174.2992pt.


[69 <./konten/gambar/hasil/edit-matkul.png>]
<konten/gambar/hasil/tambah-dosen.png, id=1874, 1444.64719pt x 771.63281pt>
File: konten/gambar/hasil/tambah-dosen.png Graphic file (type png)
<use konten/gambar/hasil/tambah-dosen.png>
Package pdftex.def Info: konten/gambar/hasil/tambah-dosen.png  used on input line 365.
(pdftex.def)             Requested size: 326.64055pt x 174.46939pt.
<konten/gambar/hasil/edit-dosen.png, id=1876, 1444.64719pt x 767.11594pt>
File: konten/gambar/hasil/edit-dosen.png Graphic file (type png)
<use konten/gambar/hasil/edit-dosen.png>
Package pdftex.def Info: konten/gambar/hasil/edit-dosen.png  used on input line 372.
(pdftex.def)             Requested size: 326.64055pt x 173.44812pt.


[70 <./konten/gambar/hasil/dosen.png> <./konten/gambar/hasil/tambah-dosen.png>]
Overfull \hbox (9.46077pt too wide) in paragraph at lines 388--388
[]|\OT1/ptm/b/n/11 No| 
 []


Overfull \hbox (4.2328pt too wide) in alignment at lines 385--389
 [] [] [] [] [] 
 []


Overfull \hbox (9.46077pt too wide) in paragraph at lines 392--392
[]|\OT1/ptm/b/n/11 No| 
 []


Overfull \hbox (4.2328pt too wide) in alignment at lines 389--393
 [] [] [] [] [] 
 []


Overfull \hbox (4.2328pt too wide) in alignment at lines 393--394
 [] [] [] [] [] 
 []


Overfull \hbox (4.2328pt too wide) in alignment at lines 394--395
 [] [] [] [] [] 
 []


Overfull \hbox (1.51881pt too wide) in paragraph at lines 396--396
 []|\OT1/ptm/m/n/11 1| 
 []


Underfull \hbox (badness 4060) in paragraph at lines 396--396
[]|\OT1/ptm/m/n/11 Admin da-pat melakukan
 []


Underfull \hbox (badness 10000) in paragraph at lines 396--396
\OT1/ptm/m/n/11 reg-is-trasi akun un-tuk
 []


Overfull \hbox (1.51881pt too wide) in paragraph at lines 397--397
 []|\OT1/ptm/m/n/11 2| 
 []


Underfull \hbox (badness 10000) in paragraph at lines 397--397
[]|\OT1/ptm/m/n/11 Pengguna da-pat
 []


Underfull \hbox (badness 10000) in paragraph at lines 397--397
\OT1/ptm/m/n/11 melakukan \OT1/ptm/m/it/11 lo-gin \OT1/ptm/m/n/11 ke
 []


Overfull \hbox (1.51881pt too wide) in paragraph at lines 398--398
 []|\OT1/ptm/m/n/11 3| 
 []


Underfull \hbox (badness 10000) in paragraph at lines 398--398
[]|\OT1/ptm/m/it/11 Login \OT1/ptm/m/n/11 ke
 []


Underfull \hbox (badness 10000) in paragraph at lines 398--398
[]|\OT1/ptm/m/n/11 Pengguna da-pat
 []


Underfull \hbox (badness 10000) in paragraph at lines 398--398
\OT1/ptm/m/n/11 melakukan \OT1/ptm/m/it/11 lo-gin \OT1/ptm/m/n/11 ke
 []


Overfull \hbox (1.51881pt too wide) in paragraph at lines 399--399
 []|\OT1/ptm/m/n/11 4| 
 []


Underfull \hbox (badness 10000) in paragraph at lines 399--399
[]|\OT1/ptm/m/it/11 Login \OT1/ptm/m/n/11 ke
 []


Underfull \hbox (badness 10000) in paragraph at lines 399--399
[]|\OT1/ptm/m/n/11 Pengguna da-pat
 []


Underfull \hbox (badness 10000) in paragraph at lines 399--399
\OT1/ptm/m/n/11 melakukan \OT1/ptm/m/it/11 lo-gin \OT1/ptm/m/n/11 ke
 []


Overfull \hbox (1.51881pt too wide) in paragraph at lines 400--400
 []|\OT1/ptm/m/n/11 5| 
 []


Underfull \hbox (badness 10000) in paragraph at lines 400--400
[]|\OT1/ptm/m/it/11 Login \OT1/ptm/m/n/11 ke
 []


Underfull \hbox (badness 10000) in paragraph at lines 400--400
[]|\OT1/ptm/m/n/11 Pengguna da-pat
 []


Underfull \hbox (badness 10000) in paragraph at lines 400--400
\OT1/ptm/m/n/11 melakukan \OT1/ptm/m/it/11 lo-gin \OT1/ptm/m/n/11 ke
 []


Overfull \hbox (1.51881pt too wide) in paragraph at lines 401--401
 []|\OT1/ptm/m/n/11 6| 
 []


Underfull \hbox (badness 10000) in paragraph at lines 401--401
[]|\OT1/ptm/m/n/11 Berhasil melakukan pe-
 []


Underfull \hbox (badness 10000) in paragraph at lines 401--401
[]|\OT1/ptm/m/n/11 Pengguna da-pat
 []


Underfull \hbox (badness 10000) in paragraph at lines 401--401
\OT1/ptm/m/n/11 melakukan pe-ruba-han
 []


Overfull \hbox (1.51881pt too wide) in paragraph at lines 402--402
 []|\OT1/ptm/m/n/11 7| 
 []


Underfull \hbox (badness 3449) in paragraph at lines 402--402
[]|\OT1/ptm/m/n/11 Berhasil menam-bah Jad-
 []


Overfull \hbox (1.51881pt too wide) in paragraph at lines 403--403
 []|\OT1/ptm/m/n/11 8| 
 []


Underfull \hbox (badness 7291) in paragraph at lines 403--403
[]|\OT1/ptm/m/n/11 Pengguna da-pat meli-hat
 []


Overfull \hbox (1.51881pt too wide) in paragraph at lines 404--404
 []|\OT1/ptm/m/n/11 9| 
 []


Underfull \hbox (badness 10000) in paragraph at lines 404--404
[]|\OT1/ptm/m/n/11 Berhasil melakukan pe-
 []


Underfull \hbox (badness 10000) in paragraph at lines 404--404
\OT1/ptm/m/n/11 ruba-han sta-tus se-leksi
 []


Underfull \hbox (badness 10000) in paragraph at lines 404--404
[]|\OT1/ptm/m/n/11 Pengguna da-pat
 []


Underfull \hbox (badness 10000) in paragraph at lines 404--404
\OT1/ptm/m/n/11 melakukan pe-ruba-han
 []


Overfull \hbox (7.01881pt too wide) in paragraph at lines 405--405
 []|\OT1/ptm/m/n/11 10| 
 []


Underfull \hbox (badness 10000) in paragraph at lines 405--405
[]|\OT1/ptm/m/n/11 Hapus Jad-
 []


Underfull \hbox (badness 2884) in paragraph at lines 405--405
[]|\OT1/ptm/m/n/11 Berhasil meng-ha-pus jad-
 []


Underfull \hbox (badness 1590) in paragraph at lines 405--405
[]|\OT1/ptm/m/n/11 Pengguna da-pat meng-ha-
 []


Underfull \hbox (badness 6300) in paragraph at lines 405--405
\OT1/ptm/m/n/11 pus jad-wal yang su-dah
 []


Overfull \hbox (7.01881pt too wide) in paragraph at lines 406--406
 []|\OT1/ptm/m/n/11 11| 
 []


Underfull \hbox (badness 1590) in paragraph at lines 406--406
[]|\OT1/ptm/m/n/11 Pengguna berhasil menc-
 []


Underfull \hbox (badness 10000) in paragraph at lines 406--406
\OT1/ptm/m/n/11 etak dan \OT1/ptm/m/it/11 men-down-load
 []


Overfull \hbox (7.01881pt too wide) in paragraph at lines 407--407
 []|\OT1/ptm/m/n/11 12| 
 []


Underfull \hbox (badness 10000) in paragraph at lines 407--407
[]|\OT1/ptm/m/n/11 Tambah
 []


Overfull \hbox (7.01881pt too wide) in paragraph at lines 408--408
 []|\OT1/ptm/m/n/11 13| 
 []


Underfull \hbox (badness 7291) in paragraph at lines 408--408
[]|\OT1/ptm/m/n/11 Pengguna da-pat meli-hat
 []


Overfull \hbox (7.01881pt too wide) in paragraph at lines 409--409
 []|\OT1/ptm/m/n/11 14| 
 []


Underfull \hbox (badness 10000) in paragraph at lines 409--409
[]|\OT1/ptm/m/n/11 Berhasil melakukan pe-
 []


Underfull \hbox (badness 10000) in paragraph at lines 409--409
\OT1/ptm/m/n/11 ruba-han sta-tus se-leksi
 []


Underfull \hbox (badness 10000) in paragraph at lines 409--409
[]|\OT1/ptm/m/n/11 Pengguna da-pat
 []


Underfull \hbox (badness 10000) in paragraph at lines 409--409
\OT1/ptm/m/n/11 melakukan pe-ruba-han
 []


Overfull \hbox (7.01881pt too wide) in paragraph at lines 410--410
 []|\OT1/ptm/m/n/11 15| 
 []


Underfull \hbox (badness 1590) in paragraph at lines 410--410
[]|\OT1/ptm/m/n/11 Pengguna da-pat meng-ha-
 []


Underfull \hbox (badness 7433) in paragraph at lines 410--410
\OT1/ptm/m/n/11 pus Dosen yang su-dah
 []


Overfull \hbox (7.01881pt too wide) in paragraph at lines 411--411
 []|\OT1/ptm/m/n/11 16| 
 []


Underfull \hbox (badness 10000) in paragraph at lines 411--411
[]|\OT1/ptm/m/n/11 Tambah
 []


Underfull \hbox (badness 10000) in paragraph at lines 411--411
[]|\OT1/ptm/m/n/11 Berhasil menam-bahkan
 []


Overfull \hbox (7.01881pt too wide) in paragraph at lines 412--412
 []|\OT1/ptm/m/n/11 17| 
 []


Underfull \hbox (badness 10000) in paragraph at lines 412--412
[]|\OT1/ptm/m/it/11 Edit \OT1/ptm/m/n/11 Mata
 []


Underfull \hbox (badness 10000) in paragraph at lines 412--412
[]|\OT1/ptm/m/n/11 Berhasil melakukan
 []


Overfull \hbox (7.01881pt too wide) in paragraph at lines 413--413
 []|\OT1/ptm/m/n/11 18| 
 []


Underfull \hbox (badness 5533) in paragraph at lines 413--413
[]|\OT1/ptm/m/n/11 Hapus Mata
 []


Overfull \hbox (7.01881pt too wide) in paragraph at lines 414--414
 []|\OT1/ptm/m/n/11 19| 
 []


Underfull \hbox (badness 10000) in paragraph at lines 414--414
[]|\OT1/ptm/m/n/11 Ubah \OT1/ptm/m/it/11 pass-
 []


Underfull \hbox (badness 10000) in paragraph at lines 414--414
[]|\OT1/ptm/m/n/11 Berhasil melakukan
 []


Underfull \hbox (badness 10000) in paragraph at lines 414--414
[]|\OT1/ptm/m/n/11 Pengguna da-pat
 []


Underfull \hbox (badness 10000) in paragraph at lines 414--414
\OT1/ptm/m/n/11 melakukan pe-ruba-han
 []


Overfull \hbox (7.01881pt too wide) in paragraph at lines 415--415
 []|\OT1/ptm/m/n/11 20| 
 []


Overfull \hbox (4.2328pt too wide) in alignment at lines 395--416
 [] [] [] [] [] 
 []

[71 <./konten/gambar/hasil/edit-dosen.png>] [72])

[73]
\openout2 = `konten/bab6.aux'.

 (konten/bab6.tex
BAB 6.

Package hyperref Warning: Token not allowed in a PDF string (Unicode):
(hyperref)                removing `\uppercase' on input line 15.

)

[74




] (tugasakhir.bbl

[75



]


pdfTeX warning (ext4): destination with the same identifier (name{page.}) has been already used, duplicate ignored
<to be read again> 
                   \relax 
l.666 
       [76]


pdfTeX warning (ext4): destination with the same identifier (name{page.}) has been already used, duplicate ignored
<to be read again> 
                   \relax 
l.993 
       [77]) (halamanbelakang/lampiranSemua.tex


pdfTeX warning (ext4): destination with the same identifier (name{page.}) has been already used, duplicate ignored
<to be read again> 
                   \relax 
l.2 \include{halamanbelakang/lampiranA}
                                        [1]
\openout2 = `halamanbelakang/lampiranA.aux'.

 (halamanbelakang/lampiranA.tex
LAMPIRAN A.
<konten/gambar/wawancara/1.jpg, id=1937, 2452.16125pt x 3459.92625pt>
File: konten/gambar/wawancara/1.jpg Graphic file (type jpg)
<use konten/gambar/wawancara/1.jpg>
Package pdftex.def Info: konten/gambar/wawancara/1.jpg  used on input line 20.
(pdftex.def)             Requested size: 326.64055pt x 460.8402pt.
<konten/gambar/wawancara/2.jpg, id=1938, 2583.6525pt x 3703.8375pt>
File: konten/gambar/wawancara/2.jpg Graphic file (type jpg)
<use konten/gambar/wawancara/2.jpg>
Package pdftex.def Info: konten/gambar/wawancara/2.jpg  used on input line 26.
(pdftex.def)             Requested size: 326.64055pt x 468.23454pt.

LaTeX Warning: `h' float specifier changed to `ht'.

<konten/gambar/wawancara/3.jpg, id=1939, 2562.57375pt x 3685.77pt>
File: konten/gambar/wawancara/3.jpg Graphic file (type jpg)
<use konten/gambar/wawancara/3.jpg>
Package pdftex.def Info: konten/gambar/wawancara/3.jpg  used on input line 32.
(pdftex.def)             Requested size: 326.64055pt x 469.77481pt.

LaTeX Warning: `h' float specifier changed to `ht'.

<konten/gambar/wawancara/4.jpg, id=1940, 2421.045pt x 3543.2375pt>
File: konten/gambar/wawancara/4.jpg Graphic file (type jpg)
<use konten/gambar/wawancara/4.jpg>
Package pdftex.def Info: konten/gambar/wawancara/4.jpg  used on input line 38.
(pdftex.def)             Requested size: 326.64055pt x 477.99203pt.

LaTeX Warning: `h' float specifier changed to `ht'.

<konten/gambar/wawancara/5.jpg, id=1941, 2579.6375pt x 3638.59375pt>
File: konten/gambar/wawancara/5.jpg Graphic file (type jpg)
<use konten/gambar/wawancara/5.jpg>
Package pdftex.def Info: konten/gambar/wawancara/5.jpg  used on input line 44.
(pdftex.def)             Requested size: 326.64055pt x 460.70827pt.

LaTeX Warning: `h' float specifier changed to `ht'.

<konten/gambar/wawancara/wawancara_1.jpg, id=1942, 1464.47125pt x 2208.25pt>
File: konten/gambar/wawancara/wawancara_1.jpg Graphic file (type jpg)
<use konten/gambar/wawancara/wawancara_1.jpg>
Package pdftex.def Info: konten/gambar/wawancara/wawancara_1.jpg  used on input line 50.
(pdftex.def)             Requested size: 326.64055pt x 492.52184pt.

LaTeX Warning: `h' float specifier changed to `ht'.

<konten/gambar/wawancara/wawancara_2.jpg, id=1943, 1514.65875pt x 2208.25pt>
File: konten/gambar/wawancara/wawancara_2.jpg Graphic file (type jpg)
<use konten/gambar/wawancara/wawancara_2.jpg>
Package pdftex.def Info: konten/gambar/wawancara/wawancara_2.jpg  used on input line 56.
(pdftex.def)             Requested size: 326.64055pt x 476.2134pt.

LaTeX Warning: `h' float specifier changed to `ht'.

<konten/gambar/wawancara/wawancara_3.jpg, id=1944, 1483.5425pt x 2208.25pt>
File: konten/gambar/wawancara/wawancara_3.jpg Graphic file (type jpg)
<use konten/gambar/wawancara/wawancara_3.jpg>
Package pdftex.def Info: konten/gambar/wawancara/wawancara_3.jpg  used on input line 62.
(pdftex.def)             Requested size: 326.64055pt x 486.18715pt.

LaTeX Warning: `h' float specifier changed to `ht'.

<konten/gambar/wawancara/wawancara_4.jpg, id=1945, 1511.6475pt x 2208.25pt>
File: konten/gambar/wawancara/wawancara_4.jpg Graphic file (type jpg)
<use konten/gambar/wawancara/wawancara_4.jpg>
Package pdftex.def Info: konten/gambar/wawancara/wawancara_4.jpg  used on input line 68.
(pdftex.def)             Requested size: 326.64055pt x 477.15686pt.

LaTeX Warning: `h' float specifier changed to `ht'.

<konten/gambar/wawancara/wawancara_5.jpg, id=1946, 1262.7175pt x 2208.25pt>
File: konten/gambar/wawancara/wawancara_5.jpg Graphic file (type jpg)
<use konten/gambar/wawancara/wawancara_5.jpg>
Package pdftex.def Info: konten/gambar/wawancara/wawancara_5.jpg  used on input line 74.
(pdftex.def)             Requested size: 326.64055pt x 571.23369pt.

LaTeX Warning: `h' float specifier changed to `ht'.

)

[2


 <./konten/gambar/wawancara/1.jpg>]

[3 <./konten/gambar/wawancara/2.jpg>]

[4 <./konten/gambar/wawancara/3.jpg>]

[5 <./konten/gambar/wawancara/4.jpg>]

[6 <./konten/gambar/wawancara/5.jpg>]

[7 <./konten/gambar/wawancara/wawancara_1.jpg>]

[8 <./konten/gambar/wawancara/wawancara_2.jpg>]

[9 <./konten/gambar/wawancara/wawancara_3.jpg>]

[10 <./konten/gambar/wawancara/wawancara_4.jpg>]

[11 <./konten/gambar/wawancara/wawancara_5.jpg>]
\openout2 = `halamanbelakang/lampiranB.aux'.

 (halamanbelakang/lampiranB.tex
LAMPIRAN B.
File: konten/gambar/lab-rsi.jpg Graphic file (type jpg)
<use konten/gambar/lab-rsi.jpg>
Package pdftex.def Info: konten/gambar/lab-rsi.jpg  used on input line 21.
(pdftex.def)             Requested size: 326.64055pt x 184.05693pt.
File: konten/gambar/lab-internet.jpg Graphic file (type jpg)
<use konten/gambar/lab-internet.jpg>
Package pdftex.def Info: konten/gambar/lab-internet.jpg  used on input line 28.
(pdftex.def)             Requested size: 326.64055pt x 184.05693pt.
File: konten/gambar/lab-se.jpg Graphic file (type jpg)
<use konten/gambar/lab-se.jpg>
Package pdftex.def Info: konten/gambar/lab-se.jpg  used on input line 35.
(pdftex.def)             Requested size: 326.64055pt x 184.05693pt.


[1




]
<konten/gambar/kegiatan.jpg, id=2006, 1606.0pt x 903.375pt>
File: konten/gambar/kegiatan.jpg Graphic file (type jpg)
<use konten/gambar/kegiatan.jpg>
Package pdftex.def Info: konten/gambar/kegiatan.jpg  used on input line 42.
(pdftex.def)             Requested size: 326.64055pt x 183.73193pt.
File: konten//gambar/labsi.png Graphic file (type png)
<use konten//gambar/labsi.png>
Package pdftex.def Info: konten//gambar/labsi.png  used on input line 49.
(pdftex.def)             Requested size: 326.64055pt x 181.24513pt.


[2 <./konten/gambar/kegiatan.jpg>]
File: konten//gambar/labvis.png Graphic file (type png)
<use konten//gambar/labvis.png>
Package pdftex.def Info: konten//gambar/labvis.png  used on input line 56.
(pdftex.def)             Requested size: 326.64055pt x 166.55255pt.
File: konten//gambar/laris.png Graphic file (type png)
<use konten//gambar/laris.png>
Package pdftex.def Info: konten//gambar/laris.png  used on input line 63.
(pdftex.def)             Requested size: 326.64055pt x 174.81554pt.


[3]
<konten//gambar/observasi-peminjaman-barang.png, id=2031, 1407.75937pt x 756.57657pt>
File: konten//gambar/observasi-peminjaman-barang.png Graphic file (type png)
<use konten//gambar/observasi-peminjaman-barang.png>
Package pdftex.def Info: konten//gambar/observasi-peminjaman-barang.png  used on input line 70.
(pdftex.def)             Requested size: 326.64055pt x 175.54436pt.
<konten//gambar/observasi-peminjaman-ruangan.png, id=2034, 1410.0178pt x 748.29562pt>
File: konten//gambar/observasi-peminjaman-ruangan.png Graphic file (type png)
<use konten//gambar/observasi-peminjaman-ruangan.png>
Package pdftex.def Info: konten//gambar/observasi-peminjaman-ruangan.png  used on input line 77.
(pdftex.def)             Requested size: 326.64055pt x 173.34894pt.


[4 <./konten//gambar/observasi-peminjaman-barang.png>]
<konten//gambar/kode-barang.png, id=2042, 1428.08531pt x 754.31813pt>
File: konten//gambar/kode-barang.png Graphic file (type png)
<use konten//gambar/kode-barang.png>
Package pdftex.def Info: konten//gambar/kode-barang.png  used on input line 84.
(pdftex.def)             Requested size: 326.64055pt x 172.5342pt.
)

[5 <./konten//gambar/observasi-peminjaman-ruangan.png> <./konten//gambar/kode-barang.png>]
\openout2 = `halamanbelakang/lampiranC.aux'.

 (halamanbelakang/lampiranC.tex
LAMPIRAN C.
<konten/gambar/wawancara.jpg, id=2051, 4095.3pt x 3071.475pt>
File: konten/gambar/wawancara.jpg Graphic file (type jpg)
<use konten/gambar/wawancara.jpg>
Package pdftex.def Info: konten/gambar/wawancara.jpg  used on input line 21.
(pdftex.def)             Requested size: 326.64055pt x 244.97314pt.
)

[1




 <./konten/gambar/wawancara.jpg>]
\openout2 = `halamanbelakang/lampiranD.aux'.

 (halamanbelakang/lampiranD.tex
LAMPIRAN D.
<konten/gambar/source-code.png, id=2056, 1231.60126pt x 840.13875pt>
File: konten/gambar/source-code.png Graphic file (type png)
<use konten/gambar/source-code.png>
Package pdftex.def Info: konten/gambar/source-code.png  used on input line 21.
(pdftex.def)             Requested size: 326.64055pt x 222.81519pt.
<konten/gambar/usecase-diagram/kalab.png, id=2057, 794.97pt x 635.37375pt>
File: konten/gambar/usecase-diagram/kalab.png Graphic file (type png)
<use konten/gambar/usecase-diagram/kalab.png>
Package pdftex.def Info: konten/gambar/usecase-diagram/kalab.png  used on input line 28.
(pdftex.def)             Requested size: 326.64055pt x 261.06723pt.
<konten/gambar/usecase-diagram/kaprodi.png, id=2058, 800.23969pt x 636.87938pt>
File: konten/gambar/usecase-diagram/kaprodi.png Graphic file (type png)
<use konten/gambar/usecase-diagram/kaprodi.png>
Package pdftex.def Info: konten/gambar/usecase-diagram/kaprodi.png  used on input line 35.
(pdftex.def)             Requested size: 326.64055pt x 259.96579pt.


[1




 <./konten/gambar/source-code.png> <./konten/gambar/usecase-diagram/kalab.png>]
<konten/gambar/usecase-diagram/sekprodi.png, id=2066, 795.72281pt x 635.37375pt>
File: konten/gambar/usecase-diagram/sekprodi.png Graphic file (type png)
<use konten/gambar/usecase-diagram/sekprodi.png>
Package pdftex.def Info: konten/gambar/usecase-diagram/sekprodi.png  used on input line 42.
(pdftex.def)             Requested size: 326.64055pt x 260.81516pt.
<konten/gambar/usecase-diagram/aslab.png, id=2067, 801.74532pt x 638.385pt>
File: konten/gambar/usecase-diagram/aslab.png Graphic file (type png)
<use konten/gambar/usecase-diagram/aslab.png>
Package pdftex.def Info: konten/gambar/usecase-diagram/aslab.png  used on input line 49.
(pdftex.def)             Requested size: 326.64055pt x 260.0933pt.


[2 <./konten/gambar/usecase-diagram/kaprodi.png> <./konten/gambar/usecase-diagram/sekprodi.png>]
<konten/gambar/activity-diagram/tambah-dosen.png, id=2074, 642.14906pt x 587.19376pt>
File: konten/gambar/activity-diagram/tambah-dosen.png Graphic file (type png)
<use konten/gambar/activity-diagram/tambah-dosen.png>
Package pdftex.def Info: konten/gambar/activity-diagram/tambah-dosen.png  used on input line 56.
(pdftex.def)             Requested size: 326.64055pt x 298.6943pt.
<konten/gambar/activity-diagram/edit-dosen.png, id=2075, 636.12656pt x 570.63188pt>
File: konten/gambar/activity-diagram/edit-dosen.png Graphic file (type png)
<use konten/gambar/activity-diagram/edit-dosen.png>
Package pdftex.def Info: konten/gambar/activity-diagram/edit-dosen.png  used on input line 63.
(pdftex.def)             Requested size: 326.64055pt x 293.00363pt.


[3 <./konten/gambar/usecase-diagram/aslab.png> <./konten/gambar/activity-diagram/tambah-dosen.png>]
<konten/gambar/activity-diagram/hapus-dosen.png, id=2082, 638.385pt x 550.30594pt>
File: konten/gambar/activity-diagram/hapus-dosen.png Graphic file (type png)
<use konten/gambar/activity-diagram/hapus-dosen.png>
Package pdftex.def Info: konten/gambar/activity-diagram/hapus-dosen.png  used on input line 70.
(pdftex.def)             Requested size: 326.64055pt x 281.57599pt.
<konten/gambar/activity-diagram/tambah-matkul.png, id=2083, 636.12656pt x 584.1825pt>
File: konten/gambar/activity-diagram/tambah-matkul.png Graphic file (type png)
<use konten/gambar/activity-diagram/tambah-matkul.png>
Package pdftex.def Info: konten/gambar/activity-diagram/tambah-matkul.png  used on input line 77.
(pdftex.def)             Requested size: 326.64055pt x 299.96149pt.


[4 <./konten/gambar/activity-diagram/edit-dosen.png> <./konten/gambar/activity-diagram/hapus-dosen.png>]
<konten/gambar/activity-diagram/edit-matkul.png, id=2090, 639.13782pt x 578.91281pt>
File: konten/gambar/activity-diagram/edit-matkul.png Graphic file (type png)
<use konten/gambar/activity-diagram/edit-matkul.png>
Package pdftex.def Info: konten/gambar/activity-diagram/edit-matkul.png  used on input line 84.
(pdftex.def)             Requested size: 326.64055pt x 295.85997pt.


[5 <./konten/gambar/activity-diagram/tambah-matkul.png>]
<konten/gambar/activity-diagram/hapus-matkul.png, id=2096, 639.13782pt x 552.56438pt>
File: konten/gambar/activity-diagram/hapus-matkul.png Graphic file (type png)
<use konten/gambar/activity-diagram/hapus-matkul.png>
Package pdftex.def Info: konten/gambar/activity-diagram/hapus-matkul.png  used on input line 91.
(pdftex.def)             Requested size: 326.64055pt x 282.3943pt.
<konten/gambar/activity-diagram/tambah-jadwal.png, id=2097, 640.64343pt x 601.4972pt>
File: konten/gambar/activity-diagram/tambah-jadwal.png Graphic file (type png)
<use konten/gambar/activity-diagram/tambah-jadwal.png>
Package pdftex.def Info: konten/gambar/activity-diagram/tambah-jadwal.png  used on input line 98.
(pdftex.def)             Requested size: 326.64055pt x 306.68608pt.


[6 <./konten/gambar/activity-diagram/edit-matkul.png> <./konten/gambar/activity-diagram/hapus-matkul.png>]
<konten/gambar/activity-diagram/edit-jadwal.png, id=2104, 638.385pt x 582.67688pt>
File: konten/gambar/activity-diagram/edit-jadwal.png Graphic file (type png)
<use konten/gambar/activity-diagram/edit-jadwal.png>
Package pdftex.def Info: konten/gambar/activity-diagram/edit-jadwal.png  used on input line 105.
(pdftex.def)             Requested size: 326.64055pt x 298.13928pt.


[7 <./konten/gambar/activity-diagram/tambah-jadwal.png>]
<konten/gambar/activity-diagram/hapus-jadwal.png, id=2111, 639.89063pt x 551.81157pt>
File: konten/gambar/activity-diagram/hapus-jadwal.png Graphic file (type png)
<use konten/gambar/activity-diagram/hapus-jadwal.png>
Package pdftex.def Info: konten/gambar/activity-diagram/hapus-jadwal.png  used on input line 112.
(pdftex.def)             Requested size: 326.64055pt x 281.6812pt.
<konten/gambar/hasil/landing-page.jpeg, id=2112, 1730.465pt x 3304.345pt>
File: konten/gambar/hasil/landing-page.jpeg Graphic file (type jpg)
<use konten/gambar/hasil/landing-page.jpeg>
Package pdftex.def Info: konten/gambar/hasil/landing-page.jpeg  used on input line 119.
(pdftex.def)             Requested size: 326.64055pt x 623.69763pt.


[8 <./konten/gambar/activity-diagram/edit-jadwal.png> <./konten/gambar/activity-diagram/hapus-jadwal.png>]
<konten/gambar/implementasi/database.png, id=2119, 791.20593pt x 621.82312pt>
File: konten/gambar/implementasi/database.png Graphic file (type png)
<use konten/gambar/implementasi/database.png>
Package pdftex.def Info: konten/gambar/implementasi/database.png  used on input line 126.
(pdftex.def)             Requested size: 326.64055pt x 256.71394pt.


[9 <./konten/gambar/hasil/landing-page.jpeg>]
<konten//gambar/implementasi-folder/folder-model.png, id=2124, 420.82219pt x 479.54156pt>
File: konten//gambar/implementasi-folder/folder-model.png Graphic file (type png)
<use konten//gambar/implementasi-folder/folder-model.png>
Package pdftex.def Info: konten//gambar/implementasi-folder/folder-model.png  used on input line 133.
(pdftex.def)             Requested size: 326.64055pt x 372.21893pt.


[10 <./konten/gambar/implementasi/database.png>]
<konten//gambar/implementasi-folder/folder-view.png, id=2130, 417.05812pt x 472.76625pt>
File: konten//gambar/implementasi-folder/folder-view.png Graphic file (type png)
<use konten//gambar/implementasi-folder/folder-view.png>
Package pdftex.def Info: konten//gambar/implementasi-folder/folder-view.png  used on input line 140.
(pdftex.def)             Requested size: 326.64055pt x 370.29272pt.


[11 <./konten//gambar/implementasi-folder/folder-model.png>]
<konten//gambar/implementasi-folder/folder-controller.png, id=2136, 420.82219pt x 548.0475pt>
File: konten//gambar/implementasi-folder/folder-controller.png Graphic file (type png)
<use konten//gambar/implementasi-folder/folder-controller.png>
Package pdftex.def Info: konten//gambar/implementasi-folder/folder-controller.png  used on input line 147.
(pdftex.def)             Requested size: 326.64055pt x 425.39307pt.
)

[12 <./konten//gambar/implementasi-folder/folder-view.png>]

[13 <./konten//gambar/implementasi-folder/folder-controller.png>])
\openout2 = `halamanbelakang/daftarRiwayatHidup.aux'.

 (halamanbelakang/daftarRiwayatHidup.tex
<konten/gambar/fotoprofil.jpg, id=2148, 2043.13312pt x 2724.42844pt>
File: konten/gambar/fotoprofil.jpg Graphic file (type jpg)
<use konten/gambar/fotoprofil.jpg>
Package pdftex.def Info: konten/gambar/fotoprofil.jpg  used on input line 18.
(pdftex.def)             Requested size: 85.32777pt x 113.78085pt.
)
Underfull \hbox (badness 1558) in paragraph at lines 19--147
\OT1/ptm/m/n/12 Ah-mad So-fyan Sire-gar dan Ibu Arni Shopiyah Na-su-tion.
 []




pdfTeX warning (ext4): destination with the same identifier (name{page.}) has been already used, duplicate ignored
<to be read again> 
                   \relax 
l.147 \include{halamanbelakang/daftarRiwayatHidup}
                                                   [14




 <./konten/gambar/fotoprofil.jpg>] (tugasakhir.aux (kontrol/cover.aux) (kontrol/lembarPersetujuan.aux) (kontrol/lembarPengesahan.aux) (kontrol/lembarHKI.aux) (kontrol/lembarPernyataan.aux) (halamandepan/lembarPersembahan.aux) (halamandepan/kataPengantar.aux) (halamandepan/abstrak.aux) (halamandepan/abstrakInggris.aux) (halamandepan/daftarSingkatan.aux) (konten/bab1.aux) (konten/bab2.aux) (konten/bab3.aux) (konten/bab4.aux) (konten/bab5.aux) (konten/bab6.aux) (halamanbelakang/lampiranA.aux) (halamanbelakang/lampiranB.aux) (halamanbelakang/lampiranC.aux) (halamanbelakang/lampiranD.aux) (halamanbelakang/daftarRiwayatHidup.aux))
 ***********
LaTeX2e <2024-06-01> patch level 2
L3 programming layer <2024-09-10>
 ***********


LaTeX Warning: There were undefined references.


LaTeX Warning: There were multiply-defined labels.

Package rerunfilecheck Info: File `tugasakhir.out' has not changed.
(rerunfilecheck)             Checksum: F5CBACA38018A0E55DFE7A20B9D6B3FE;16570.
 ) 
Here is how much of TeX's memory you used:
 18050 strings out of 473899
 321533 string characters out of 5725047
 787911 words of memory out of 5000000
 39870 multiletter control sequences out of 15000+600000
 633300 words of font info for 189 fonts, out of 8000000 for 9000
 1212 hyphenation exceptions out of 8191
 94i,17n,107p,2508b,826s stack positions out of 10000i,1000n,20000p,200000b,200000s

pdfTeX warning (dest): name{cite.sitaris-lab-si-website} has been referenced but does not exist, replaced by a fixed one

<C:/Users/USER PCP/AppData/Local/Programs/MiKTeX/fonts/type1/urw/courier/ucrr8a.pfb><C:/Users/USER PCP/AppData/Local/Programs/MiKTeX/fonts/type1/urw/times/utmb8a.pfb><C:/Users/USER PCP/AppData/Local/Programs/MiKTeX/fonts/type1/urw/times/utmbi8a.pfb><C:/Users/USER PCP/AppData/Local/Programs/MiKTeX/fonts/type1/urw/times/utmr8a.pfb><C:/Users/USER PCP/AppData/Local/Programs/MiKTeX/fonts/type1/urw/times/utmri8a.pfb>
Output written on tugasakhir.pdf (128 pages, 25690207 bytes).
PDF statistics:
 2290 PDF objects out of 2487 (max. 8388607)
 527 named destinations out of 1000 (max. 500000)
 1329 words of extra memory for PDF output out of 10000 (max. 10000000)

