\BOOKMARK [0][-]{chapter*.2}{\376\377\000D\000A\000F\000T\000A\000R\000\040\000I\000S\000I}{}% 1
\BOOKMARK [0][-]{chapter*.4}{\376\377\000D\000A\000F\000T\000A\000R\000\040\000G\000A\000M\000B\000A\000R}{}% 2
\BOOKMARK [0][-]{chapter*.6}{\376\377\000D\000A\000F\000T\000A\000R\000\040\000T\000A\000B\000E\000L}{}% 3
\BOOKMARK [0][-]{section*.7}{\376\377\000D\000A\000F\000T\000A\000R\000\040\000S\000I\000N\000G\000K\000A\000T\000A\000N}{}% 4
\BOOKMARK [0][-]{chapter.1}{\376\377\0001\000\040\000P\000e\000n\000d\000a\000h\000u\000l\000u\000a\000n}{}% 5
\BOOKMARK [1][-]{section.1.1}{\376\377\0001\000.\0001\000\040\000L\000a\000t\000a\000r\000\040\000B\000e\000l\000a\000k\000a\000n\000g}{chapter.1}% 6
\BOOKMARK [1][-]{section.1.2}{\376\377\0001\000.\0002\000\040\000R\000u\000m\000u\000s\000a\000n\000\040\000M\000a\000s\000a\000l\000a\000h}{chapter.1}% 7
\BOOKMARK [1][-]{section.1.3}{\376\377\0001\000.\0003\000\040\000B\000a\000t\000a\000s\000a\000n\000\040\000M\000a\000s\000a\000l\000a\000h}{chapter.1}% 8
\BOOKMARK [1][-]{section.1.4}{\376\377\0001\000.\0004\000\040\000T\000u\000j\000u\000a\000n}{chapter.1}% 9
\BOOKMARK [1][-]{section.1.5}{\376\377\0001\000.\0005\000\040\000M\000a\000n\000f\000a\000a\000t}{chapter.1}% 10
\BOOKMARK [1][-]{section.1.6}{\376\377\0001\000.\0006\000\040\000S\000i\000s\000t\000e\000m\000a\000t\000i\000k\000a\000\040\000P\000e\000n\000u\000l\000i\000s\000a\000n}{chapter.1}% 11
\BOOKMARK [0][-]{chapter.2}{\376\377\0002\000\040\000L\000a\000n\000d\000a\000s\000a\000n\000\040\000T\000e\000o\000r\000i}{}% 12
\BOOKMARK [1][-]{section.2.1}{\376\377\0002\000.\0001\000\040\000P\000r\000o\000f\000i\000l\000\040\000I\000n\000s\000t\000a\000n\000s\000i}{chapter.2}% 13
\BOOKMARK [2][-]{subsection.2.1.1}{\376\377\0002\000.\0001\000.\0001\000\040\000S\000e\000j\000a\000r\000a\000h}{section.2.1}% 14
\BOOKMARK [2][-]{subsection.2.1.2}{\376\377\0002\000.\0001\000.\0002\000\040\000V\000i\000s\000i}{section.2.1}% 15
\BOOKMARK [2][-]{subsection.2.1.3}{\376\377\0002\000.\0001\000.\0003\000\040\000M\000i\000s\000i}{section.2.1}% 16
\BOOKMARK [2][-]{subsection.2.1.4}{\376\377\0002\000.\0001\000.\0004\000\040\000S\000t\000r\000u\000k\000t\000u\000r\000\040\000O\000r\000g\000a\000n\000i\000s\000a\000s\000i}{section.2.1}% 17
\BOOKMARK [1][-]{section.2.2}{\376\377\0002\000.\0002\000\040\000L\000a\000b\000o\000r\000a\000t\000o\000r\000i\000u\000m}{chapter.2}% 18
\BOOKMARK [2][-]{subsection.2.2.1}{\376\377\0002\000.\0002\000.\0001\000\040\000L\000a\000b\000o\000r\000a\000t\000o\000r\000i\000u\000m\000\040\000R\000e\000k\000a\000y\000a\000s\000a\000\040\000S\000i\000s\000t\000e\000m\000\040\000I\000n\000f\000o\000r\000m\000a\000s\000i\000\040\000\050\000R\000S\000I\000\051}{section.2.2}% 19
\BOOKMARK [2][-]{subsection.2.2.2}{\376\377\0002\000.\0002\000.\0002\000\040\000L\000a\000b\000o\000r\000a\000t\000o\000r\000i\000u\000m\000\040\000I\000n\000t\000e\000r\000n\000e\000t\000\040\000\050\000I\000N\000T\000\051}{section.2.2}% 20
\BOOKMARK [2][-]{subsection.2.2.3}{\376\377\0002\000.\0002\000.\0003\000\040\000L\000a\000b\000o\000r\000a\000t\000o\000r\000i\000u\000m\000\040\000S\000o\000f\000t\000w\000a\000r\000e\000\040\000E\000n\000g\000i\000n\000e\000e\000r\000i\000n\000g\000\040\000\050\000S\000E\000\051}{section.2.2}% 21
\BOOKMARK [1][-]{section.2.3}{\376\377\0002\000.\0003\000\040\000S\000I\000T\000A\000R\000I\000S\000\040\000S\000I}{chapter.2}% 22
\BOOKMARK [1][-]{section.2.4}{\376\377\0002\000.\0004\000\040\000O\000b\000s\000e\000r\000v\000a\000s\000i}{chapter.2}% 23
\BOOKMARK [0][-]{chapter.3}{\376\377\0003\000\040\000M\000e\000t\000o\000d\000o\000l\000o\000g\000i\000\040\000P\000e\000n\000e\000l\000i\000t\000i\000a\000n}{}% 24
\BOOKMARK [0][-]{chapter.4}{\376\377\0004\000\040\000J\000A\000N\000G\000K\000A\000A\000N\000\040\000H\000A\000S\000I\000L}{}% 25
\BOOKMARK [1][-]{section.4.1}{\376\377\0004\000.\0001\000\040\000S\000t\000u\000d\000i\000\040\000L\000i\000t\000e\000r\000a\000t\000u\000r}{chapter.4}% 26
\BOOKMARK [1][-]{section.4.2}{\376\377\0004\000.\0002\000\040\000I\000d\000e\000n\000t\000i\000f\000i\000k\000a\000s\000i\000\040\000M\000a\000s\000a\000l\000a\000h}{chapter.4}% 27
\BOOKMARK [0][-]{chapter*.14}{\376\377\000D\000A\000F\000T\000A\000R\000\040\000P\000U\000S\000T\000A\000K\000A}{}% 28
\BOOKMARK [0][-]{appendix.1.A}{\376\377\000L\000A\000M\000P\000I\000R\000A\000N\000\040\000A\000\040\000H\000A\000S\000I\000L\000\040\000W\000A\000W\000A\000N\000C\000A\000R\000A}{}% 29
\BOOKMARK [0][-]{appendix.1.B}{\376\377\000L\000A\000M\000P\000I\000R\000A\000N\000\040\000B\000\040\000H\000A\000S\000I\000L\000\040\000O\000B\000S\000E\000R\000V\000A\000S\000I}{}% 30
\BOOKMARK [0][-]{appendix.1.C}{\376\377\000L\000A\000M\000P\000I\000R\000A\000N\000\040\000C\000\040\000L\000O\000R\000E\000M\000\040\000I\000P\000S\000U\000M}{}% 31
\BOOKMARK [0][-]{appendix.1.D}{\376\377\000L\000A\000M\000P\000I\000R\000A\000N\000\040\000D\000\040\000L\000O\000R\000E\000M\000\040\000I\000P\000S\000U\000M}{}% 32
